<?xml version="1.0" encoding="UTF-8" ?>
<testsuite tests="7" failures="4" name="x1n32.Calculator2Test" time="0.065" errors="0" skipped="0">
  <properties>
[...]
</properties>
  <testcase classname="x1n32.Calculator2Test" name="testSquareRootAnswer" time="0.035">
    <failure message="Multiple Failures (4 failures)
	&lt;no message&gt; in java.lang.NullPointerException
	&lt;no message&gt; in java.lang.NullPointerException
	&lt;no message&gt; in java.lang.NullPointerException
	&lt;no message&gt; in java.lang.NullPointerException" type="org.opentest4j.MultipleFailuresError">org.opentest4j.MultipleFailuresError: Multiple Failures (4 failures)
	&lt;no message&gt; in java.lang.NullPointerException
	&lt;no message&gt; in java.lang.NullPointerException
	&lt;no message&gt; in java.lang.NullPointerException
	&lt;no message&gt; in java.lang.NullPointerException
	at org.junit.jupiter.api.AssertAll.assertAll(AssertAll.java:80)
	at org.junit.jupiter.api.AssertAll.assertAll(AssertAll.java:44)
	at org.junit.jupiter.api.AssertAll.assertAll(AssertAll.java:38)
	at org.junit.jupiter.api.Assertions.assertAll(Assertions.java:2807)
	at x1n32.Calculator2Test.testSquareRootAnswer(Calculator2Test.java:157)
	at java.base/jdk.internal.reflect.NativeMethodAccessorImpl.invoke0(Native Method)
	at java.base/jdk.internal.reflect.NativeMethodAccessorImpl.invoke(NativeMethodAccessorImpl.java:62)
	at java.base/jdk.internal.reflect.DelegatingMethodAccessorImpl.invoke(DelegatingMethodAccessorImpl.java:43)
	at java.base/java.lang.reflect.Method.invoke(Method.java:567)
	at org.junit.runners.model.FrameworkMethod$1.runReflectiveCall(FrameworkMethod.java:47)
	at org.junit.internal.runners.model.ReflectiveCallable.run(ReflectiveCallable.java:12)
	at org.junit.runners.model.FrameworkMethod.invokeExplosively(FrameworkMethod.java:44)
	at org.junit.internal.runners.statements.InvokeMethod.evaluate(InvokeMethod.java:17)
	at org.junit.internal.runners.statements.RunAfters.evaluate(RunAfters.java:27)
	at org.junit.runners.ParentRunner.runLeaf(ParentRunner.java:271)
	at org.junit.runners.BlockJUnit4ClassRunner.runChild(BlockJUnit4ClassRunner.java:70)
	at org.junit.runners.BlockJUnit4ClassRunner.runChild(BlockJUnit4ClassRunner.java:50)
	at org.junit.runners.ParentRunner$3.run(ParentRunner.java:238)
	at org.junit.runners.ParentRunner$1.schedule(ParentRunner.java:63)
	at org.junit.runners.ParentRunner.runChildren(ParentRunner.java:236)
	at org.junit.runners.ParentRunner.access$000(ParentRunner.java:53)
	at org.junit.runners.ParentRunner$2.evaluate(ParentRunner.java:229)
	at org.junit.internal.runners.statements.RunBefores.evaluate(RunBefores.java:26)
	at org.junit.internal.runners.statements.RunAfters.evaluate(RunAfters.java:27)
	at org.junit.runners.ParentRunner.run(ParentRunner.java:309)
	at org.apache.maven.surefire.junit4.JUnit4Provider.execute(JUnit4Provider.java:252)
	at org.apache.maven.surefire.junit4.JUnit4Provider.executeTestSet(JUnit4Provider.java:141)
	at org.apache.maven.surefire.junit4.JUnit4Provider.invoke(JUnit4Provider.java:112)
	at java.base/jdk.internal.reflect.NativeMethodAccessorImpl.invoke0(Native Method)
	at java.base/jdk.internal.reflect.NativeMethodAccessorImpl.invoke(NativeMethodAccessorImpl.java:62)
	at java.base/jdk.internal.reflect.DelegatingMethodAccessorImpl.invoke(DelegatingMethodAccessorImpl.java:43)
	at java.base/java.lang.reflect.Method.invoke(Method.java:567)
	at org.apache.maven.surefire.util.ReflectionUtils.invokeMethodWithArray(ReflectionUtils.java:189)
	at org.apache.maven.surefire.booter.ProviderFactory$ProviderProxy.invoke(ProviderFactory.java:165)
	at org.apache.maven.surefire.booter.ProviderFactory.invokeProvider(ProviderFactory.java:85)
	at org.apache.maven.surefire.booter.ForkedBooter.runSuitesInProcess(ForkedBooter.java:115)
	at org.apache.maven.surefire.booter.ForkedBooter.main(ForkedBooter.java:75)
	Suppressed: java.lang.NullPointerException
		at x1n32.Calculator2Test.lambda$testSquareRootAnswer$18(Calculator2Test.java:158)
		at org.junit.jupiter.api.AssertAll.lambda$assertAll$1(AssertAll.java:68)
		at java.base/java.util.stream.ReferencePipeline$3$1.accept(ReferencePipeline.java:195)
		at java.base/java.util.stream.ReferencePipeline$11$1.accept(ReferencePipeline.java:442)
		at java.base/java.util.Spliterators$ArraySpliterator.forEachRemaining(Spliterators.java:948)
		at java.base/java.util.stream.AbstractPipeline.copyInto(AbstractPipeline.java:484)
		at java.base/java.util.stream.AbstractPipeline.wrapAndCopyInto(AbstractPipeline.java:474)
		at java.base/java.util.stream.ReduceOps$ReduceOp.evaluateSequential(ReduceOps.java:913)
		at java.base/java.util.stream.AbstractPipeline.evaluate(AbstractPipeline.java:234)
		at java.base/java.util.stream.ReferencePipeline.collect(ReferencePipeline.java:578)
		at org.junit.jupiter.api.AssertAll.assertAll(AssertAll.java:77)
		... 36 more
	Suppressed: java.lang.NullPointerException
		at x1n32.Calculator2Test.lambda$testSquareRootAnswer$19(Calculator2Test.java:159)
		at org.junit.jupiter.api.AssertAll.lambda$assertAll$1(AssertAll.java:68)
		at java.base/java.util.stream.ReferencePipeline$3$1.accept(ReferencePipeline.java:195)
		at java.base/java.util.stream.ReferencePipeline$11$1.accept(ReferencePipeline.java:442)
		at java.base/java.util.Spliterators$ArraySpliterator.forEachRemaining(Spliterators.java:948)
		at java.base/java.util.stream.AbstractPipeline.copyInto(AbstractPipeline.java:484)
		at java.base/java.util.stream.AbstractPipeline.wrapAndCopyInto(AbstractPipeline.java:474)
		at java.base/java.util.stream.ReduceOps$ReduceOp.evaluateSequential(ReduceOps.java:913)
		at java.base/java.util.stream.AbstractPipeline.evaluate(AbstractPipeline.java:234)
		at java.base/java.util.stream.ReferencePipeline.collect(ReferencePipeline.java:578)
		at org.junit.jupiter.api.AssertAll.assertAll(AssertAll.java:77)
		... 36 more
	Suppressed: java.lang.NullPointerException
		at x1n32.Calculator2Test.lambda$testSquareRootAnswer$20(Calculator2Test.java:160)
		at org.junit.jupiter.api.AssertAll.lambda$assertAll$1(AssertAll.java:68)
		at java.base/java.util.stream.ReferencePipeline$3$1.accept(ReferencePipeline.java:195)
		at java.base/java.util.stream.ReferencePipeline$11$1.accept(ReferencePipeline.java:442)
		at java.base/java.util.Spliterators$ArraySpliterator.forEachRemaining(Spliterators.java:948)
		at java.base/java.util.stream.AbstractPipeline.copyInto(AbstractPipeline.java:484)
		at java.base/java.util.stream.AbstractPipeline.wrapAndCopyInto(AbstractPipeline.java:474)
		at java.base/java.util.stream.ReduceOps$ReduceOp.evaluateSequential(ReduceOps.java:913)
		at java.base/java.util.stream.AbstractPipeline.evaluate(AbstractPipeline.java:234)
		at java.base/java.util.stream.ReferencePipeline.collect(ReferencePipeline.java:578)
		at org.junit.jupiter.api.AssertAll.assertAll(AssertAll.java:77)
		... 36 more
	Suppressed: java.lang.NullPointerException
		at x1n32.Calculator2Test.lambda$testSquareRootAnswer$21(Calculator2Test.java:161)
		at org.junit.jupiter.api.AssertAll.lambda$assertAll$1(AssertAll.java:68)
		at java.base/java.util.stream.ReferencePipeline$3$1.accept(ReferencePipeline.java:195)
		at java.base/java.util.stream.ReferencePipeline$11$1.accept(ReferencePipeline.java:442)
		at java.base/java.util.Spliterators$ArraySpliterator.forEachRemaining(Spliterators.java:948)
		at java.base/java.util.stream.AbstractPipeline.copyInto(AbstractPipeline.java:484)
		at java.base/java.util.stream.AbstractPipeline.wrapAndCopyInto(AbstractPipeline.java:474)
		at java.base/java.util.stream.ReduceOps$ReduceOp.evaluateSequential(ReduceOps.java:913)
		at java.base/java.util.stream.AbstractPipeline.evaluate(AbstractPipeline.java:234)
		at java.base/java.util.stream.ReferencePipeline.collect(ReferencePipeline.java:578)
		at org.junit.jupiter.api.AssertAll.assertAll(AssertAll.java:77)
		... 36 more
</failure>
    <system-out>squareRootAnswer
Testing Square roots. Where a gets taken away by b, then sqrt the answer
</system-out>
  </testcase>
  <testcase classname="x1n32.Calculator2Test" name="testMain" time="0"/>
  <testcase classname="x1n32.Calculator2Test" name="testQuadraticFormula" time="0.01">
    <failure message="Multiple Failures (4 failures)
	&lt;no message&gt; in java.lang.NullPointerException
	&lt;no message&gt; in java.lang.NullPointerException
	&lt;no message&gt; in java.lang.NullPointerException
	&lt;no message&gt; in java.lang.NullPointerException" type="org.opentest4j.MultipleFailuresError">org.opentest4j.MultipleFailuresError: Multiple Failures (4 failures)
	&lt;no message&gt; in java.lang.NullPointerException
	&lt;no message&gt; in java.lang.NullPointerException
	&lt;no message&gt; in java.lang.NullPointerException
	&lt;no message&gt; in java.lang.NullPointerException
	at org.junit.jupiter.api.AssertAll.assertAll(AssertAll.java:80)
	at org.junit.jupiter.api.AssertAll.assertAll(AssertAll.java:44)
	at org.junit.jupiter.api.AssertAll.assertAll(AssertAll.java:38)
	at org.junit.jupiter.api.Assertions.assertAll(Assertions.java:2807)
	at x1n32.Calculator2Test.testQuadraticFormula(Calculator2Test.java:209)
	at java.base/jdk.internal.reflect.NativeMethodAccessorImpl.invoke0(Native Method)
	at java.base/jdk.internal.reflect.NativeMethodAccessorImpl.invoke(NativeMethodAccessorImpl.java:62)
	at java.base/jdk.internal.reflect.DelegatingMethodAccessorImpl.invoke(DelegatingMethodAccessorImpl.java:43)
	at java.base/java.lang.reflect.Method.invoke(Method.java:567)
	at org.junit.runners.model.FrameworkMethod$1.runReflectiveCall(FrameworkMethod.java:47)
	at org.junit.internal.runners.model.ReflectiveCallable.run(ReflectiveCallable.java:12)
	at org.junit.runners.model.FrameworkMethod.invokeExplosively(FrameworkMethod.java:44)
	at org.junit.internal.runners.statements.InvokeMethod.evaluate(InvokeMethod.java:17)
	at org.junit.internal.runners.statements.RunAfters.evaluate(RunAfters.java:27)
	at org.junit.runners.ParentRunner.runLeaf(ParentRunner.java:271)
	at org.junit.runners.BlockJUnit4ClassRunner.runChild(BlockJUnit4ClassRunner.java:70)
	at org.junit.runners.BlockJUnit4ClassRunner.runChild(BlockJUnit4ClassRunner.java:50)
	at org.junit.runners.ParentRunner$3.run(ParentRunner.java:238)
	at org.junit.runners.ParentRunner$1.schedule(ParentRunner.java:63)
	at org.junit.runners.ParentRunner.runChildren(ParentRunner.java:236)
	at org.junit.runners.ParentRunner.access$000(ParentRunner.java:53)
	at org.junit.runners.ParentRunner$2.evaluate(ParentRunner.java:229)
	at org.junit.internal.runners.statements.RunBefores.evaluate(RunBefores.java:26)
	at org.junit.internal.runners.statements.RunAfters.evaluate(RunAfters.java:27)
	at org.junit.runners.ParentRunner.run(ParentRunner.java:309)
	at org.apache.maven.surefire.junit4.JUnit4Provider.execute(JUnit4Provider.java:252)
	at org.apache.maven.surefire.junit4.JUnit4Provider.executeTestSet(JUnit4Provider.java:141)
	at org.apache.maven.surefire.junit4.JUnit4Provider.invoke(JUnit4Provider.java:112)
	at java.base/jdk.internal.reflect.NativeMethodAccessorImpl.invoke0(Native Method)
	at java.base/jdk.internal.reflect.NativeMethodAccessorImpl.invoke(NativeMethodAccessorImpl.java:62)
	at java.base/jdk.internal.reflect.DelegatingMethodAccessorImpl.invoke(DelegatingMethodAccessorImpl.java:43)
	at java.base/java.lang.reflect.Method.invoke(Method.java:567)
	at org.apache.maven.surefire.util.ReflectionUtils.invokeMethodWithArray(ReflectionUtils.java:189)
	at org.apache.maven.surefire.booter.ProviderFactory$ProviderProxy.invoke(ProviderFactory.java:165)
	at org.apache.maven.surefire.booter.ProviderFactory.invokeProvider(ProviderFactory.java:85)
	at org.apache.maven.surefire.booter.ForkedBooter.runSuitesInProcess(ForkedBooter.java:115)
	at org.apache.maven.surefire.booter.ForkedBooter.main(ForkedBooter.java:75)
	Suppressed: java.lang.NullPointerException
		at x1n32.Calculator2Test.lambda$testQuadraticFormula$22(Calculator2Test.java:210)
		at org.junit.jupiter.api.AssertAll.lambda$assertAll$1(AssertAll.java:68)
		at java.base/java.util.stream.ReferencePipeline$3$1.accept(ReferencePipeline.java:195)
		at java.base/java.util.stream.ReferencePipeline$11$1.accept(ReferencePipeline.java:442)
		at java.base/java.util.Spliterators$ArraySpliterator.forEachRemaining(Spliterators.java:948)
		at java.base/java.util.stream.AbstractPipeline.copyInto(AbstractPipeline.java:484)
		at java.base/java.util.stream.AbstractPipeline.wrapAndCopyInto(AbstractPipeline.java:474)
		at java.base/java.util.stream.ReduceOps$ReduceOp.evaluateSequential(ReduceOps.java:913)
		at java.base/java.util.stream.AbstractPipeline.evaluate(AbstractPipeline.java:234)
		at java.base/java.util.stream.ReferencePipeline.collect(ReferencePipeline.java:578)
		at org.junit.jupiter.api.AssertAll.assertAll(AssertAll.java:77)
		... 36 more
	Suppressed: java.lang.NullPointerException
		at x1n32.Calculator2Test.lambda$testQuadraticFormula$23(Calculator2Test.java:211)
		at org.junit.jupiter.api.AssertAll.lambda$assertAll$1(AssertAll.java:68)
		at java.base/java.util.stream.ReferencePipeline$3$1.accept(ReferencePipeline.java:195)
		at java.base/java.util.stream.ReferencePipeline$11$1.accept(ReferencePipeline.java:442)
		at java.base/java.util.Spliterators$ArraySpliterator.forEachRemaining(Spliterators.java:948)
		at java.base/java.util.stream.AbstractPipeline.copyInto(AbstractPipeline.java:484)
		at java.base/java.util.stream.AbstractPipeline.wrapAndCopyInto(AbstractPipeline.java:474)
		at java.base/java.util.stream.ReduceOps$ReduceOp.evaluateSequential(ReduceOps.java:913)
		at java.base/java.util.stream.AbstractPipeline.evaluate(AbstractPipeline.java:234)
		at java.base/java.util.stream.ReferencePipeline.collect(ReferencePipeline.java:578)
		at org.junit.jupiter.api.AssertAll.assertAll(AssertAll.java:77)
		... 36 more
	Suppressed: java.lang.NullPointerException
		at x1n32.Calculator2Test.lambda$testQuadraticFormula$24(Calculator2Test.java:213)
		at org.junit.jupiter.api.AssertAll.lambda$assertAll$1(AssertAll.java:68)
		at java.base/java.util.stream.ReferencePipeline$3$1.accept(ReferencePipeline.java:195)
		at java.base/java.util.stream.ReferencePipeline$11$1.accept(ReferencePipeline.java:442)
		at java.base/java.util.Spliterators$ArraySpliterator.forEachRemaining(Spliterators.java:948)
		at java.base/java.util.stream.AbstractPipeline.copyInto(AbstractPipeline.java:484)
		at java.base/java.util.stream.AbstractPipeline.wrapAndCopyInto(AbstractPipeline.java:474)
		at java.base/java.util.stream.ReduceOps$ReduceOp.evaluateSequential(ReduceOps.java:913)
		at java.base/java.util.stream.AbstractPipeline.evaluate(AbstractPipeline.java:234)
		at java.base/java.util.stream.ReferencePipeline.collect(ReferencePipeline.java:578)
		at org.junit.jupiter.api.AssertAll.assertAll(AssertAll.java:77)
		... 36 more
	Suppressed: java.lang.NullPointerException
		at x1n32.Calculator2Test.lambda$testQuadraticFormula$25(Calculator2Test.java:215)
		at org.junit.jupiter.api.AssertAll.lambda$assertAll$1(AssertAll.java:68)
		at java.base/java.util.stream.ReferencePipeline$3$1.accept(ReferencePipeline.java:195)
		at java.base/java.util.stream.ReferencePipeline$11$1.accept(ReferencePipeline.java:442)
		at java.base/java.util.Spliterators$ArraySpliterator.forEachRemaining(Spliterators.java:948)
		at java.base/java.util.stream.AbstractPipeline.copyInto(AbstractPipeline.java:484)
		at java.base/java.util.stream.AbstractPipeline.wrapAndCopyInto(AbstractPipeline.java:474)
		at java.base/java.util.stream.ReduceOps$ReduceOp.evaluateSequential(ReduceOps.java:913)
		at java.base/java.util.stream.AbstractPipeline.evaluate(AbstractPipeline.java:234)
		at java.base/java.util.stream.ReferencePipeline.collect(ReferencePipeline.java:578)
		at org.junit.jupiter.api.AssertAll.assertAll(AssertAll.java:77)
		... 36 more
</failure>
    <system-out>quadraticFormula
</system-out>
  </testcase>
  <testcase classname="x1n32.Calculator2Test" name="testNegativeAnswer" time="0"/>
  <testcase classname="x1n32.Calculator2Test" name="testPositiveAnswer" time="0"/>
  <testcase classname="x1n32.Calculator2Test" name="testFourAC" time="0">
    <failure message="Multiple Failures (8 failures)
	&lt;no message&gt; in java.lang.NullPointerException
	&lt;no message&gt; in java.lang.NullPointerException
	&lt;no message&gt; in java.lang.NullPointerException
	&lt;no message&gt; in java.lang.NullPointerException
	&lt;no message&gt; in java.lang.NullPointerException
	&lt;no message&gt; in java.lang.NullPointerException
	&lt;no message&gt; in java.lang.NullPointerException
	&lt;no message&gt; in java.lang.NullPointerException" type="org.opentest4j.MultipleFailuresError">org.opentest4j.MultipleFailuresError: Multiple Failures (8 failures)
	&lt;no message&gt; in java.lang.NullPointerException
	&lt;no message&gt; in java.lang.NullPointerException
	&lt;no message&gt; in java.lang.NullPointerException
	&lt;no message&gt; in java.lang.NullPointerException
	&lt;no message&gt; in java.lang.NullPointerException
	&lt;no message&gt; in java.lang.NullPointerException
	&lt;no message&gt; in java.lang.NullPointerException
	&lt;no message&gt; in java.lang.NullPointerException
	at org.junit.jupiter.api.AssertAll.assertAll(AssertAll.java:80)
	at org.junit.jupiter.api.AssertAll.assertAll(AssertAll.java:44)
	at org.junit.jupiter.api.AssertAll.assertAll(AssertAll.java:38)
	at org.junit.jupiter.api.Assertions.assertAll(Assertions.java:2807)
	at x1n32.Calculator2Test.testFourAC(Calculator2Test.java:133)
	at java.base/jdk.internal.reflect.NativeMethodAccessorImpl.invoke0(Native Method)
	at java.base/jdk.internal.reflect.NativeMethodAccessorImpl.invoke(NativeMethodAccessorImpl.java:62)
	at java.base/jdk.internal.reflect.DelegatingMethodAccessorImpl.invoke(DelegatingMethodAccessorImpl.java:43)
	at java.base/java.lang.reflect.Method.invoke(Method.java:567)
	at org.junit.runners.model.FrameworkMethod$1.runReflectiveCall(FrameworkMethod.java:47)
	at org.junit.internal.runners.model.ReflectiveCallable.run(ReflectiveCallable.java:12)
	at org.junit.runners.model.FrameworkMethod.invokeExplosively(FrameworkMethod.java:44)
	at org.junit.internal.runners.statements.InvokeMethod.evaluate(InvokeMethod.java:17)
	at org.junit.internal.runners.statements.RunAfters.evaluate(RunAfters.java:27)
	at org.junit.runners.ParentRunner.runLeaf(ParentRunner.java:271)
	at org.junit.runners.BlockJUnit4ClassRunner.runChild(BlockJUnit4ClassRunner.java:70)
	at org.junit.runners.BlockJUnit4ClassRunner.runChild(BlockJUnit4ClassRunner.java:50)
	at org.junit.runners.ParentRunner$3.run(ParentRunner.java:238)
	at org.junit.runners.ParentRunner$1.schedule(ParentRunner.java:63)
	at org.junit.runners.ParentRunner.runChildren(ParentRunner.java:236)
	at org.junit.runners.ParentRunner.access$000(ParentRunner.java:53)
	at org.junit.runners.ParentRunner$2.evaluate(ParentRunner.java:229)
	at org.junit.internal.runners.statements.RunBefores.evaluate(RunBefores.java:26)
	at org.junit.internal.runners.statements.RunAfters.evaluate(RunAfters.java:27)
	at org.junit.runners.ParentRunner.run(ParentRunner.java:309)
	at org.apache.maven.surefire.junit4.JUnit4Provider.execute(JUnit4Provider.java:252)
	at org.apache.maven.surefire.junit4.JUnit4Provider.executeTestSet(JUnit4Provider.java:141)
	at org.apache.maven.surefire.junit4.JUnit4Provider.invoke(JUnit4Provider.java:112)
	at java.base/jdk.internal.reflect.NativeMethodAccessorImpl.invoke0(Native Method)
	at java.base/jdk.internal.reflect.NativeMethodAccessorImpl.invoke(NativeMethodAccessorImpl.java:62)
	at java.base/jdk.internal.reflect.DelegatingMethodAccessorImpl.invoke(DelegatingMethodAccessorImpl.java:43)
	at java.base/java.lang.reflect.Method.invoke(Method.java:567)
	at org.apache.maven.surefire.util.ReflectionUtils.invokeMethodWithArray(ReflectionUtils.java:189)
	at org.apache.maven.surefire.booter.ProviderFactory$ProviderProxy.invoke(ProviderFactory.java:165)
	at org.apache.maven.surefire.booter.ProviderFactory.invokeProvider(ProviderFactory.java:85)
	at org.apache.maven.surefire.booter.ForkedBooter.runSuitesInProcess(ForkedBooter.java:115)
	at org.apache.maven.surefire.booter.ForkedBooter.main(ForkedBooter.java:75)
	Suppressed: java.lang.NullPointerException
		at x1n32.Calculator2Test.lambda$testFourAC$10(Calculator2Test.java:134)
		at org.junit.jupiter.api.AssertAll.lambda$assertAll$1(AssertAll.java:68)
		at java.base/java.util.stream.ReferencePipeline$3$1.accept(ReferencePipeline.java:195)
		at java.base/java.util.stream.ReferencePipeline$11$1.accept(ReferencePipeline.java:442)
		at java.base/java.util.Spliterators$ArraySpliterator.forEachRemaining(Spliterators.java:948)
		at java.base/java.util.stream.AbstractPipeline.copyInto(AbstractPipeline.java:484)
		at java.base/java.util.stream.AbstractPipeline.wrapAndCopyInto(AbstractPipeline.java:474)
		at java.base/java.util.stream.ReduceOps$ReduceOp.evaluateSequential(ReduceOps.java:913)
		at java.base/java.util.stream.AbstractPipeline.evaluate(AbstractPipeline.java:234)
		at java.base/java.util.stream.ReferencePipeline.collect(ReferencePipeline.java:578)
		at org.junit.jupiter.api.AssertAll.assertAll(AssertAll.java:77)
		... 36 more
	Suppressed: java.lang.NullPointerException
		at x1n32.Calculator2Test.lambda$testFourAC$11(Calculator2Test.java:135)
		at org.junit.jupiter.api.AssertAll.lambda$assertAll$1(AssertAll.java:68)
		at java.base/java.util.stream.ReferencePipeline$3$1.accept(ReferencePipeline.java:195)
		at java.base/java.util.stream.ReferencePipeline$11$1.accept(ReferencePipeline.java:442)
		at java.base/java.util.Spliterators$ArraySpliterator.forEachRemaining(Spliterators.java:948)
		at java.base/java.util.stream.AbstractPipeline.copyInto(AbstractPipeline.java:484)
		at java.base/java.util.stream.AbstractPipeline.wrapAndCopyInto(AbstractPipeline.java:474)
		at java.base/java.util.stream.ReduceOps$ReduceOp.evaluateSequential(ReduceOps.java:913)
		at java.base/java.util.stream.AbstractPipeline.evaluate(AbstractPipeline.java:234)
		at java.base/java.util.stream.ReferencePipeline.collect(ReferencePipeline.java:578)
		at org.junit.jupiter.api.AssertAll.assertAll(AssertAll.java:77)
		... 36 more
	Suppressed: java.lang.NullPointerException
		at x1n32.Calculator2Test.lambda$testFourAC$12(Calculator2Test.java:136)
		at org.junit.jupiter.api.AssertAll.lambda$assertAll$1(AssertAll.java:68)
		at java.base/java.util.stream.ReferencePipeline$3$1.accept(ReferencePipeline.java:195)
		at java.base/java.util.stream.ReferencePipeline$11$1.accept(ReferencePipeline.java:442)
		at java.base/java.util.Spliterators$ArraySpliterator.forEachRemaining(Spliterators.java:948)
		at java.base/java.util.stream.AbstractPipeline.copyInto(AbstractPipeline.java:484)
		at java.base/java.util.stream.AbstractPipeline.wrapAndCopyInto(AbstractPipeline.java:474)
		at java.base/java.util.stream.ReduceOps$ReduceOp.evaluateSequential(ReduceOps.java:913)
		at java.base/java.util.stream.AbstractPipeline.evaluate(AbstractPipeline.java:234)
		at java.base/java.util.stream.ReferencePipeline.collect(ReferencePipeline.java:578)
		at org.junit.jupiter.api.AssertAll.assertAll(AssertAll.java:77)
		... 36 more
	Suppressed: java.lang.NullPointerException
		at x1n32.Calculator2Test.lambda$testFourAC$13(Calculator2Test.java:137)
		at org.junit.jupiter.api.AssertAll.lambda$assertAll$1(AssertAll.java:68)
		at java.base/java.util.stream.ReferencePipeline$3$1.accept(ReferencePipeline.java:195)
		at java.base/java.util.stream.ReferencePipeline$11$1.accept(ReferencePipeline.java:442)
		at java.base/java.util.Spliterators$ArraySpliterator.forEachRemaining(Spliterators.java:948)
		at java.base/java.util.stream.AbstractPipeline.copyInto(AbstractPipeline.java:484)
		at java.base/java.util.stream.AbstractPipeline.wrapAndCopyInto(AbstractPipeline.java:474)
		at java.base/java.util.stream.ReduceOps$ReduceOp.evaluateSequential(ReduceOps.java:913)
		at java.base/java.util.stream.AbstractPipeline.evaluate(AbstractPipeline.java:234)
		at java.base/java.util.stream.ReferencePipeline.collect(ReferencePipeline.java:578)
		at org.junit.jupiter.api.AssertAll.assertAll(AssertAll.java:77)
		... 36 more
	Suppressed: java.lang.NullPointerException
		at x1n32.Calculator2Test.lambda$testFourAC$14(Calculator2Test.java:138)
		at org.junit.jupiter.api.AssertAll.lambda$assertAll$1(AssertAll.java:68)
		at java.base/java.util.stream.ReferencePipeline$3$1.accept(ReferencePipeline.java:195)
		at java.base/java.util.stream.ReferencePipeline$11$1.accept(ReferencePipeline.java:442)
		at java.base/java.util.Spliterators$ArraySpliterator.forEachRemaining(Spliterators.java:948)
		at java.base/java.util.stream.AbstractPipeline.copyInto(AbstractPipeline.java:484)
		at java.base/java.util.stream.AbstractPipeline.wrapAndCopyInto(AbstractPipeline.java:474)
		at java.base/java.util.stream.ReduceOps$ReduceOp.evaluateSequential(ReduceOps.java:913)
		at java.base/java.util.stream.AbstractPipeline.evaluate(AbstractPipeline.java:234)
		at java.base/java.util.stream.ReferencePipeline.collect(ReferencePipeline.java:578)
		at org.junit.jupiter.api.AssertAll.assertAll(AssertAll.java:77)
		... 36 more
	Suppressed: java.lang.NullPointerException
		at x1n32.Calculator2Test.lambda$testFourAC$15(Calculator2Test.java:139)
		at org.junit.jupiter.api.AssertAll.lambda$assertAll$1(AssertAll.java:68)
		at java.base/java.util.stream.ReferencePipeline$3$1.accept(ReferencePipeline.java:195)
		at java.base/java.util.stream.ReferencePipeline$11$1.accept(ReferencePipeline.java:442)
		at java.base/java.util.Spliterators$ArraySpliterator.forEachRemaining(Spliterators.java:948)
		at java.base/java.util.stream.AbstractPipeline.copyInto(AbstractPipeline.java:484)
		at java.base/java.util.stream.AbstractPipeline.wrapAndCopyInto(AbstractPipeline.java:474)
		at java.base/java.util.stream.ReduceOps$ReduceOp.evaluateSequential(ReduceOps.java:913)
		at java.base/java.util.stream.AbstractPipeline.evaluate(AbstractPipeline.java:234)
		at java.base/java.util.stream.ReferencePipeline.collect(ReferencePipeline.java:578)
		at org.junit.jupiter.api.AssertAll.assertAll(AssertAll.java:77)
		... 36 more
	Suppressed: java.lang.NullPointerException
		at x1n32.Calculator2Test.lambda$testFourAC$16(Calculator2Test.java:140)
		at org.junit.jupiter.api.AssertAll.lambda$assertAll$1(AssertAll.java:68)
		at java.base/java.util.stream.ReferencePipeline$3$1.accept(ReferencePipeline.java:195)
		at java.base/java.util.stream.ReferencePipeline$11$1.accept(ReferencePipeline.java:442)
		at java.base/java.util.Spliterators$ArraySpliterator.forEachRemaining(Spliterators.java:948)
		at java.base/java.util.stream.AbstractPipeline.copyInto(AbstractPipeline.java:484)
		at java.base/java.util.stream.AbstractPipeline.wrapAndCopyInto(AbstractPipeline.java:474)
		at java.base/java.util.stream.ReduceOps$ReduceOp.evaluateSequential(ReduceOps.java:913)
		at java.base/java.util.stream.AbstractPipeline.evaluate(AbstractPipeline.java:234)
		at java.base/java.util.stream.ReferencePipeline.collect(ReferencePipeline.java:578)
		at org.junit.jupiter.api.AssertAll.assertAll(AssertAll.java:77)
		... 36 more
	Suppressed: java.lang.NullPointerException
		at x1n32.Calculator2Test.lambda$testFourAC$17(Calculator2Test.java:141)
		at org.junit.jupiter.api.AssertAll.lambda$assertAll$1(AssertAll.java:68)
		at java.base/java.util.stream.ReferencePipeline$3$1.accept(ReferencePipeline.java:195)
		at java.base/java.util.stream.ReferencePipeline$11$1.accept(ReferencePipeline.java:442)
		at java.base/java.util.Spliterators$ArraySpliterator.forEachRemaining(Spliterators.java:948)
		at java.base/java.util.stream.AbstractPipeline.copyInto(AbstractPipeline.java:484)
		at java.base/java.util.stream.AbstractPipeline.wrapAndCopyInto(AbstractPipeline.java:474)
		at java.base/java.util.stream.ReduceOps$ReduceOp.evaluateSequential(ReduceOps.java:913)
		at java.base/java.util.stream.AbstractPipeline.evaluate(AbstractPipeline.java:234)
		at java.base/java.util.stream.ReferencePipeline.collect(ReferencePipeline.java:578)
		at org.junit.jupiter.api.AssertAll.assertAll(AssertAll.java:77)
		... 36 more
</failure>
    <system-out>fourAC
Doing 4 *a *c
</system-out>
  </testcase>
  <testcase classname="x1n32.Calculator2Test" name="testSquareOfB" time="0.02">
    <failure message="Multiple Failures (10 failures)
	&lt;no message&gt; in java.lang.NullPointerException
	&lt;no message&gt; in java.lang.NullPointerException
	&lt;no message&gt; in java.lang.NullPointerException
	&lt;no message&gt; in java.lang.NullPointerException
	&lt;no message&gt; in java.lang.NullPointerException
	&lt;no message&gt; in java.lang.NullPointerException
	&lt;no message&gt; in java.lang.NullPointerException
	&lt;no message&gt; in java.lang.NullPointerException
	&lt;no message&gt; in java.lang.NullPointerException
	&lt;no message&gt; in java.lang.NullPointerException" type="org.opentest4j.MultipleFailuresError">org.opentest4j.MultipleFailuresError: Multiple Failures (10 failures)
	&lt;no message&gt; in java.lang.NullPointerException
	&lt;no message&gt; in java.lang.NullPointerException
	&lt;no message&gt; in java.lang.NullPointerException
	&lt;no message&gt; in java.lang.NullPointerException
	&lt;no message&gt; in java.lang.NullPointerException
	&lt;no message&gt; in java.lang.NullPointerException
	&lt;no message&gt; in java.lang.NullPointerException
	&lt;no message&gt; in java.lang.NullPointerException
	&lt;no message&gt; in java.lang.NullPointerException
	&lt;no message&gt; in java.lang.NullPointerException
	at org.junit.jupiter.api.AssertAll.assertAll(AssertAll.java:80)
	at org.junit.jupiter.api.AssertAll.assertAll(AssertAll.java:44)
	at org.junit.jupiter.api.AssertAll.assertAll(AssertAll.java:38)
	at org.junit.jupiter.api.Assertions.assertAll(Assertions.java:2807)
	at x1n32.Calculator2Test.testSquareOfB(Calculator2Test.java:106)
	at java.base/jdk.internal.reflect.NativeMethodAccessorImpl.invoke0(Native Method)
	at java.base/jdk.internal.reflect.NativeMethodAccessorImpl.invoke(NativeMethodAccessorImpl.java:62)
	at java.base/jdk.internal.reflect.DelegatingMethodAccessorImpl.invoke(DelegatingMethodAccessorImpl.java:43)
	at java.base/java.lang.reflect.Method.invoke(Method.java:567)
	at org.junit.runners.model.FrameworkMethod$1.runReflectiveCall(FrameworkMethod.java:47)
	at org.junit.internal.runners.model.ReflectiveCallable.run(ReflectiveCallable.java:12)
	at org.junit.runners.model.FrameworkMethod.invokeExplosively(FrameworkMethod.java:44)
	at org.junit.internal.runners.statements.InvokeMethod.evaluate(InvokeMethod.java:17)
	at org.junit.internal.runners.statements.RunAfters.evaluate(RunAfters.java:27)
	at org.junit.runners.ParentRunner.runLeaf(ParentRunner.java:271)
	at org.junit.runners.BlockJUnit4ClassRunner.runChild(BlockJUnit4ClassRunner.java:70)
	at org.junit.runners.BlockJUnit4ClassRunner.runChild(BlockJUnit4ClassRunner.java:50)
	at org.junit.runners.ParentRunner$3.run(ParentRunner.java:238)
	at org.junit.runners.ParentRunner$1.schedule(ParentRunner.java:63)
	at org.junit.runners.ParentRunner.runChildren(ParentRunner.java:236)
	at org.junit.runners.ParentRunner.access$000(ParentRunner.java:53)
	at org.junit.runners.ParentRunner$2.evaluate(ParentRunner.java:229)
	at org.junit.internal.runners.statements.RunBefores.evaluate(RunBefores.java:26)
	at org.junit.internal.runners.statements.RunAfters.evaluate(RunAfters.java:27)
	at org.junit.runners.ParentRunner.run(ParentRunner.java:309)
	at org.apache.maven.surefire.junit4.JUnit4Provider.execute(JUnit4Provider.java:252)
	at org.apache.maven.surefire.junit4.JUnit4Provider.executeTestSet(JUnit4Provider.java:141)
	at org.apache.maven.surefire.junit4.JUnit4Provider.invoke(JUnit4Provider.java:112)
	at java.base/jdk.internal.reflect.NativeMethodAccessorImpl.invoke0(Native Method)
	at java.base/jdk.internal.reflect.NativeMethodAccessorImpl.invoke(NativeMethodAccessorImpl.java:62)
	at java.base/jdk.internal.reflect.DelegatingMethodAccessorImpl.invoke(DelegatingMethodAccessorImpl.java:43)
	at java.base/java.lang.reflect.Method.invoke(Method.java:567)
	at org.apache.maven.surefire.util.ReflectionUtils.invokeMethodWithArray(ReflectionUtils.java:189)
	at org.apache.maven.surefire.booter.ProviderFactory$ProviderProxy.invoke(ProviderFactory.java:165)
	at org.apache.maven.surefire.booter.ProviderFactory.invokeProvider(ProviderFactory.java:85)
	at org.apache.maven.surefire.booter.ForkedBooter.runSuitesInProcess(ForkedBooter.java:115)
	at org.apache.maven.surefire.booter.ForkedBooter.main(ForkedBooter.java:75)
	Suppressed: java.lang.NullPointerException
		at x1n32.Calculator2Test.lambda$testSquareOfB$0(Calculator2Test.java:107)
		at org.junit.jupiter.api.AssertAll.lambda$assertAll$1(AssertAll.java:68)
		at java.base/java.util.stream.ReferencePipeline$3$1.accept(ReferencePipeline.java:195)
		at java.base/java.util.stream.ReferencePipeline$11$1.accept(ReferencePipeline.java:442)
		at java.base/java.util.Spliterators$ArraySpliterator.forEachRemaining(Spliterators.java:948)
		at java.base/java.util.stream.AbstractPipeline.copyInto(AbstractPipeline.java:484)
		at java.base/java.util.stream.AbstractPipeline.wrapAndCopyInto(AbstractPipeline.java:474)
		at java.base/java.util.stream.ReduceOps$ReduceOp.evaluateSequential(ReduceOps.java:913)
		at java.base/java.util.stream.AbstractPipeline.evaluate(AbstractPipeline.java:234)
		at java.base/java.util.stream.ReferencePipeline.collect(ReferencePipeline.java:578)
		at org.junit.jupiter.api.AssertAll.assertAll(AssertAll.java:77)
		... 36 more
	Suppressed: java.lang.NullPointerException
		at x1n32.Calculator2Test.lambda$testSquareOfB$1(Calculator2Test.java:108)
		at org.junit.jupiter.api.AssertAll.lambda$assertAll$1(AssertAll.java:68)
		at java.base/java.util.stream.ReferencePipeline$3$1.accept(ReferencePipeline.java:195)
		at java.base/java.util.stream.ReferencePipeline$11$1.accept(ReferencePipeline.java:442)
		at java.base/java.util.Spliterators$ArraySpliterator.forEachRemaining(Spliterators.java:948)
		at java.base/java.util.stream.AbstractPipeline.copyInto(AbstractPipeline.java:484)
		at java.base/java.util.stream.AbstractPipeline.wrapAndCopyInto(AbstractPipeline.java:474)
		at java.base/java.util.stream.ReduceOps$ReduceOp.evaluateSequential(ReduceOps.java:913)
		at java.base/java.util.stream.AbstractPipeline.evaluate(AbstractPipeline.java:234)
		at java.base/java.util.stream.ReferencePipeline.collect(ReferencePipeline.java:578)
		at org.junit.jupiter.api.AssertAll.assertAll(AssertAll.java:77)
		... 36 more
	Suppressed: java.lang.NullPointerException
		at x1n32.Calculator2Test.lambda$testSquareOfB$2(Calculator2Test.java:109)
		at org.junit.jupiter.api.AssertAll.lambda$assertAll$1(AssertAll.java:68)
		at java.base/java.util.stream.ReferencePipeline$3$1.accept(ReferencePipeline.java:195)
		at java.base/java.util.stream.ReferencePipeline$11$1.accept(ReferencePipeline.java:442)
		at java.base/java.util.Spliterators$ArraySpliterator.forEachRemaining(Spliterators.java:948)
		at java.base/java.util.stream.AbstractPipeline.copyInto(AbstractPipeline.java:484)
		at java.base/java.util.stream.AbstractPipeline.wrapAndCopyInto(AbstractPipeline.java:474)
		at java.base/java.util.stream.ReduceOps$ReduceOp.evaluateSequential(ReduceOps.java:913)
		at java.base/java.util.stream.AbstractPipeline.evaluate(AbstractPipeline.java:234)
		at java.base/java.util.stream.ReferencePipeline.collect(ReferencePipeline.java:578)
		at org.junit.jupiter.api.AssertAll.assertAll(AssertAll.java:77)
		... 36 more
	Suppressed: java.lang.NullPointerException
		at x1n32.Calculator2Test.lambda$testSquareOfB$3(Calculator2Test.java:110)
		at org.junit.jupiter.api.AssertAll.lambda$assertAll$1(AssertAll.java:68)
		at java.base/java.util.stream.ReferencePipeline$3$1.accept(ReferencePipeline.java:195)
		at java.base/java.util.stream.ReferencePipeline$11$1.accept(ReferencePipeline.java:442)
		at java.base/java.util.Spliterators$ArraySpliterator.forEachRemaining(Spliterators.java:948)
		at java.base/java.util.stream.AbstractPipeline.copyInto(AbstractPipeline.java:484)
		at java.base/java.util.stream.AbstractPipeline.wrapAndCopyInto(AbstractPipeline.java:474)
		at java.base/java.util.stream.ReduceOps$ReduceOp.evaluateSequential(ReduceOps.java:913)
		at java.base/java.util.stream.AbstractPipeline.evaluate(AbstractPipeline.java:234)
		at java.base/java.util.stream.ReferencePipeline.collect(ReferencePipeline.java:578)
		at org.junit.jupiter.api.AssertAll.assertAll(AssertAll.java:77)
		... 36 more
	Suppressed: java.lang.NullPointerException
		at x1n32.Calculator2Test.lambda$testSquareOfB$4(Calculator2Test.java:111)
		at org.junit.jupiter.api.AssertAll.lambda$assertAll$1(AssertAll.java:68)
		at java.base/java.util.stream.ReferencePipeline$3$1.accept(ReferencePipeline.java:195)
		at java.base/java.util.stream.ReferencePipeline$11$1.accept(ReferencePipeline.java:442)
		at java.base/java.util.Spliterators$ArraySpliterator.forEachRemaining(Spliterators.java:948)
		at java.base/java.util.stream.AbstractPipeline.copyInto(AbstractPipeline.java:484)
		at java.base/java.util.stream.AbstractPipeline.wrapAndCopyInto(AbstractPipeline.java:474)
		at java.base/java.util.stream.ReduceOps$ReduceOp.evaluateSequential(ReduceOps.java:913)
		at java.base/java.util.stream.AbstractPipeline.evaluate(AbstractPipeline.java:234)
		at java.base/java.util.stream.ReferencePipeline.collect(ReferencePipeline.java:578)
		at org.junit.jupiter.api.AssertAll.assertAll(AssertAll.java:77)
		... 36 more
	Suppressed: java.lang.NullPointerException
		at x1n32.Calculator2Test.lambda$testSquareOfB$5(Calculator2Test.java:112)
		at org.junit.jupiter.api.AssertAll.lambda$assertAll$1(AssertAll.java:68)
		at java.base/java.util.stream.ReferencePipeline$3$1.accept(ReferencePipeline.java:195)
		at java.base/java.util.stream.ReferencePipeline$11$1.accept(ReferencePipeline.java:442)
		at java.base/java.util.Spliterators$ArraySpliterator.forEachRemaining(Spliterators.java:948)
		at java.base/java.util.stream.AbstractPipeline.copyInto(AbstractPipeline.java:484)
		at java.base/java.util.stream.AbstractPipeline.wrapAndCopyInto(AbstractPipeline.java:474)
		at java.base/java.util.stream.ReduceOps$ReduceOp.evaluateSequential(ReduceOps.java:913)
		at java.base/java.util.stream.AbstractPipeline.evaluate(AbstractPipeline.java:234)
		at java.base/java.util.stream.ReferencePipeline.collect(ReferencePipeline.java:578)
		at org.junit.jupiter.api.AssertAll.assertAll(AssertAll.java:77)
		... 36 more
	Suppressed: java.lang.NullPointerException
		at x1n32.Calculator2Test.lambda$testSquareOfB$6(Calculator2Test.java:113)
		at org.junit.jupiter.api.AssertAll.lambda$assertAll$1(AssertAll.java:68)
		at java.base/java.util.stream.ReferencePipeline$3$1.accept(ReferencePipeline.java:195)
		at java.base/java.util.stream.ReferencePipeline$11$1.accept(ReferencePipeline.java:442)
		at java.base/java.util.Spliterators$ArraySpliterator.forEachRemaining(Spliterators.java:948)
		at java.base/java.util.stream.AbstractPipeline.copyInto(AbstractPipeline.java:484)
		at java.base/java.util.stream.AbstractPipeline.wrapAndCopyInto(AbstractPipeline.java:474)
		at java.base/java.util.stream.ReduceOps$ReduceOp.evaluateSequential(ReduceOps.java:913)
		at java.base/java.util.stream.AbstractPipeline.evaluate(AbstractPipeline.java:234)
		at java.base/java.util.stream.ReferencePipeline.collect(ReferencePipeline.java:578)
		at org.junit.jupiter.api.AssertAll.assertAll(AssertAll.java:77)
		... 36 more
	Suppressed: java.lang.NullPointerException
		at x1n32.Calculator2Test.lambda$testSquareOfB$7(Calculator2Test.java:114)
		at org.junit.jupiter.api.AssertAll.lambda$assertAll$1(AssertAll.java:68)
		at java.base/java.util.stream.ReferencePipeline$3$1.accept(ReferencePipeline.java:195)
		at java.base/java.util.stream.ReferencePipeline$11$1.accept(ReferencePipeline.java:442)
		at java.base/java.util.Spliterators$ArraySpliterator.forEachRemaining(Spliterators.java:948)
		at java.base/java.util.stream.AbstractPipeline.copyInto(AbstractPipeline.java:484)
		at java.base/java.util.stream.AbstractPipeline.wrapAndCopyInto(AbstractPipeline.java:474)
		at java.base/java.util.stream.ReduceOps$ReduceOp.evaluateSequential(ReduceOps.java:913)
		at java.base/java.util.stream.AbstractPipeline.evaluate(AbstractPipeline.java:234)
		at java.base/java.util.stream.ReferencePipeline.collect(ReferencePipeline.java:578)
		at org.junit.jupiter.api.AssertAll.assertAll(AssertAll.java:77)
		... 36 more
	Suppressed: java.lang.NullPointerException
		at x1n32.Calculator2Test.lambda$testSquareOfB$8(Calculator2Test.java:115)
		at org.junit.jupiter.api.AssertAll.lambda$assertAll$1(AssertAll.java:68)
		at java.base/java.util.stream.ReferencePipeline$3$1.accept(ReferencePipeline.java:195)
		at java.base/java.util.stream.ReferencePipeline$11$1.accept(ReferencePipeline.java:442)
		at java.base/java.util.Spliterators$ArraySpliterator.forEachRemaining(Spliterators.java:948)
		at java.base/java.util.stream.AbstractPipeline.copyInto(AbstractPipeline.java:484)
		at java.base/java.util.stream.AbstractPipeline.wrapAndCopyInto(AbstractPipeline.java:474)
		at java.base/java.util.stream.ReduceOps$ReduceOp.evaluateSequential(ReduceOps.java:913)
		at java.base/java.util.stream.AbstractPipeline.evaluate(AbstractPipeline.java:234)
		at java.base/java.util.stream.ReferencePipeline.collect(ReferencePipeline.java:578)
		at org.junit.jupiter.api.AssertAll.assertAll(AssertAll.java:77)
		... 36 more
	Suppressed: java.lang.NullPointerException
		at x1n32.Calculator2Test.lambda$testSquareOfB$9(Calculator2Test.java:116)
		at org.junit.jupiter.api.AssertAll.lambda$assertAll$1(AssertAll.java:68)
		at java.base/java.util.stream.ReferencePipeline$3$1.accept(ReferencePipeline.java:195)
		at java.base/java.util.stream.ReferencePipeline$11$1.accept(ReferencePipeline.java:442)
		at java.base/java.util.Spliterators$ArraySpliterator.forEachRemaining(Spliterators.java:948)
		at java.base/java.util.stream.AbstractPipeline.copyInto(AbstractPipeline.java:484)
		at java.base/java.util.stream.AbstractPipeline.wrapAndCopyInto(AbstractPipeline.java:474)
		at java.base/java.util.stream.ReduceOps$ReduceOp.evaluateSequential(ReduceOps.java:913)
		at java.base/java.util.stream.AbstractPipeline.evaluate(AbstractPipeline.java:234)
		at java.base/java.util.stream.ReferencePipeline.collect(ReferencePipeline.java:578)
		at org.junit.jupiter.api.AssertAll.assertAll(AssertAll.java:77)
		... 36 more
</failure>
    <system-out>squareOfB
Doing Square number checks. Should return the input value multiplied by itself. e.g. 2 * 2 = 4
</system-out>
  </testcase>
</testsuite>