<?xml version="1.0" encoding="UTF-8" ?>
<testsuite tests="7" failures="4" name="x1n32.Calculator2Test" time="0.054" errors="0" skipped="0">
  <properties>
    <property name="java.runtime.name" value="OpenJDK Runtime Environment"/>
    <property name="java.vm.version" value="11.0.12+7-LTS"/>
    <property name="sun.boot.library.path" value="/home/gitpod/.sdkman/candidates/java/11.0.12.fx-zulu/lib"/>
    <property name="jdk.vendor.version" value="Zulu11.50+19-CA"/>
    <property name="maven.multiModuleProjectDirectory" value="/workspace/Task-1-Calculator"/>
    <property name="java.vm.vendor" value="Azul Systems, Inc."/>
    <property name="java.vendor.url" value="http://www.azul.com/"/>
    <property name="guice.disable.misplaced.annotation.check" value="true"/>
    <property name="path.separator" value=":"/>
    <property name="java.vm.name" value="OpenJDK 64-Bit Server VM"/>
    <property name="sun.os.patch.level" value="unknown"/>
    <property name="user.country" value="US"/>
    <property name="sun.java.launcher" value="SUN_STANDARD"/>
    <property name="java.vm.specification.name" value="Java Virtual Machine Specification"/>
    <property name="user.dir" value="/workspace/Task-1-Calculator"/>
    <property name="java.vm.compressedOopsMode" value="Zero based"/>
    <property name="java.runtime.version" value="11.0.12+7-LTS"/>
    <property name="java.awt.graphicsenv" value="sun.awt.X11GraphicsEnvironment"/>
    <property name="os.arch" value="amd64"/>
    <property name="java.io.tmpdir" value="/tmp"/>
    <property name="line.separator" value="
"/>
    <property name="java.vm.specification.vendor" value="Oracle Corporation"/>
    <property name="os.name" value="Linux"/>
    <property name="classworlds.conf" value="/home/gitpod/.sdkman/candidates/maven/current/bin/m2.conf"/>
    <property name="sun.jnu.encoding" value="UTF-8"/>
    <property name="java.library.path" value="/usr/java/packages/lib:/usr/lib64:/lib64:/lib:/usr/lib"/>
    <property name="maven.conf" value="/home/gitpod/.sdkman/candidates/maven/current/conf"/>
    <property name="jdk.debug" value="release"/>
    <property name="java.class.version" value="55.0"/>
    <property name="java.specification.name" value="Java Platform API Specification"/>
    <property name="sun.management.compiler" value="HotSpot 64-Bit Tiered Compilers"/>
    <property name="os.version" value="5.13.0-1007-gcp"/>
    <property name="library.jansi.path" value="/home/gitpod/.sdkman/candidates/maven/current/lib/jansi-native"/>
    <property name="user.home" value="/home/gitpod"/>
    <property name="user.timezone" value="Etc/UTC"/>
    <property name="java.awt.printerjob" value="sun.print.PSPrinterJob"/>
    <property name="file.encoding" value="UTF-8"/>
    <property name="java.specification.version" value="11"/>
    <property name="user.name" value="gitpod"/>
    <property name="java.class.path" value="/home/gitpod/.sdkman/candidates/maven/current/boot/plexus-classworlds-2.6.0.jar"/>
    <property name="java.vm.specification.version" value="11"/>
    <property name="sun.arch.data.model" value="64"/>
    <property name="sun.java.command" value="org.codehaus.plexus.classworlds.launcher.Launcher test"/>
    <property name="java.home" value="/home/gitpod/.sdkman/candidates/java/11.0.12.fx-zulu"/>
    <property name="user.language" value="en"/>
    <property name="java.specification.vendor" value="Oracle Corporation"/>
    <property name="awt.toolkit" value="sun.awt.X11.XToolkit"/>
    <property name="java.vm.info" value="mixed mode"/>
    <property name="java.version" value="11.0.12"/>
    <property name="securerandom.source" value="file:/dev/./urandom"/>
    <property name="java.vendor" value="Azul Systems, Inc."/>
    <property name="maven.home" value="/home/gitpod/.sdkman/candidates/maven/current"/>
    <property name="file.separator" value="/"/>
    <property name="java.version.date" value="2021-07-20"/>
    <property name="java.vendor.url.bug" value="http://www.azul.com/support/"/>
    <property name="sun.io.unicode.encoding" value="UnicodeLittle"/>
    <property name="sun.cpu.endian" value="little"/>
    <property name="java.vendor.version" value="Zulu11.50+19-CA"/>
    <property name="sun.cpu.isalist" value=""/>
  </properties>
  <testcase classname="x1n32.Calculator2Test" name="testSquareRootAnswer" time="0.034">
    <failure message="Multiple Failures (4 failures)
	&lt;no message&gt; in java.lang.NullPointerException
	&lt;no message&gt; in java.lang.NullPointerException
	&lt;no message&gt; in java.lang.NullPointerException
	&lt;no message&gt; in java.lang.NullPointerException" type="org.opentest4j.MultipleFailuresError">org.opentest4j.MultipleFailuresError: Multiple Failures (4 failures)
	&lt;no message&gt; in java.lang.NullPointerException
	&lt;no message&gt; in java.lang.NullPointerException
	&lt;no message&gt; in java.lang.NullPointerException
	&lt;no message&gt; in java.lang.NullPointerException
	at org.junit.jupiter.api.AssertAll.assertAll(AssertAll.java:80)
	at org.junit.jupiter.api.AssertAll.assertAll(AssertAll.java:44)
	at org.junit.jupiter.api.AssertAll.assertAll(AssertAll.java:38)
	at org.junit.jupiter.api.Assertions.assertAll(Assertions.java:2807)
	at x1n32.Calculator2Test.testSquareRootAnswer(Calculator2Test.java:157)
	at java.base/jdk.internal.reflect.NativeMethodAccessorImpl.invoke0(Native Method)
	at java.base/jdk.internal.reflect.NativeMethodAccessorImpl.invoke(NativeMethodAccessorImpl.java:62)
	at java.base/jdk.internal.reflect.DelegatingMethodAccessorImpl.invoke(DelegatingMethodAccessorImpl.java:43)
	at java.base/java.lang.reflect.Method.invoke(Method.java:566)
	at org.junit.runners.model.FrameworkMethod$1.runReflectiveCall(FrameworkMethod.java:47)
	at org.junit.internal.runners.model.ReflectiveCallable.run(ReflectiveCallable.java:12)
	at org.junit.runners.model.FrameworkMethod.invokeExplosively(FrameworkMethod.java:44)
	at org.junit.internal.runners.statements.InvokeMethod.evaluate(InvokeMethod.java:17)
	at org.junit.internal.runners.statements.RunAfters.evaluate(RunAfters.java:27)
	at org.junit.runners.ParentRunner.runLeaf(ParentRunner.java:271)
	at org.junit.runners.BlockJUnit4ClassRunner.runChild(BlockJUnit4ClassRunner.java:70)
	at org.junit.runners.BlockJUnit4ClassRunner.runChild(BlockJUnit4ClassRunner.java:50)
	at org.junit.runners.ParentRunner$3.run(ParentRunner.java:238)
	at org.junit.runners.ParentRunner$1.schedule(ParentRunner.java:63)
	at org.junit.runners.ParentRunner.runChildren(ParentRunner.java:236)
	at org.junit.runners.ParentRunner.access$000(ParentRunner.java:53)
	at org.junit.runners.ParentRunner$2.evaluate(ParentRunner.java:229)
	at org.junit.internal.runners.statements.RunBefores.evaluate(RunBefores.java:26)
	at org.junit.internal.runners.statements.RunAfters.evaluate(RunAfters.java:27)
	at org.junit.runners.ParentRunner.run(ParentRunner.java:309)
	at org.apache.maven.surefire.junit4.JUnit4Provider.execute(JUnit4Provider.java:252)
	at org.apache.maven.surefire.junit4.JUnit4Provider.executeTestSet(JUnit4Provider.java:141)
	at org.apache.maven.surefire.junit4.JUnit4Provider.invoke(JUnit4Provider.java:112)
	at java.base/jdk.internal.reflect.NativeMethodAccessorImpl.invoke0(Native Method)
	at java.base/jdk.internal.reflect.NativeMethodAccessorImpl.invoke(NativeMethodAccessorImpl.java:62)
	at java.base/jdk.internal.reflect.DelegatingMethodAccessorImpl.invoke(DelegatingMethodAccessorImpl.java:43)
	at java.base/java.lang.reflect.Method.invoke(Method.java:566)
	at org.apache.maven.surefire.util.ReflectionUtils.invokeMethodWithArray(ReflectionUtils.java:189)
	at org.apache.maven.surefire.booter.ProviderFactory$ProviderProxy.invoke(ProviderFactory.java:165)
	at org.apache.maven.surefire.booter.ProviderFactory.invokeProvider(ProviderFactory.java:85)
	at org.apache.maven.surefire.booter.ForkedBooter.runSuitesInProcess(ForkedBooter.java:115)
	at org.apache.maven.surefire.booter.ForkedBooter.main(ForkedBooter.java:75)
	Suppressed: java.lang.NullPointerException
		at x1n32.Calculator2Test.lambda$testSquareRootAnswer$18(Calculator2Test.java:158)
		at org.junit.jupiter.api.AssertAll.lambda$assertAll$1(AssertAll.java:68)
		at java.base/java.util.stream.ReferencePipeline$3$1.accept(ReferencePipeline.java:195)
		at java.base/java.util.stream.ReferencePipeline$11$1.accept(ReferencePipeline.java:442)
		at java.base/java.util.Spliterators$ArraySpliterator.forEachRemaining(Spliterators.java:948)
		at java.base/java.util.stream.AbstractPipeline.copyInto(AbstractPipeline.java:484)
		at java.base/java.util.stream.AbstractPipeline.wrapAndCopyInto(AbstractPipeline.java:474)
		at java.base/java.util.stream.ReduceOps$ReduceOp.evaluateSequential(ReduceOps.java:913)
		at java.base/java.util.stream.AbstractPipeline.evaluate(AbstractPipeline.java:234)
		at java.base/java.util.stream.ReferencePipeline.collect(ReferencePipeline.java:578)
		at org.junit.jupiter.api.AssertAll.assertAll(AssertAll.java:77)
		... 36 more
	Suppressed: java.lang.NullPointerException
		at x1n32.Calculator2Test.lambda$testSquareRootAnswer$19(Calculator2Test.java:159)
		at org.junit.jupiter.api.AssertAll.lambda$assertAll$1(AssertAll.java:68)
		at java.base/java.util.stream.ReferencePipeline$3$1.accept(ReferencePipeline.java:195)
		at java.base/java.util.stream.ReferencePipeline$11$1.accept(ReferencePipeline.java:442)
		at java.base/java.util.Spliterators$ArraySpliterator.forEachRemaining(Spliterators.java:948)
		at java.base/java.util.stream.AbstractPipeline.copyInto(AbstractPipeline.java:484)
		at java.base/java.util.stream.AbstractPipeline.wrapAndCopyInto(AbstractPipeline.java:474)
		at java.base/java.util.stream.ReduceOps$ReduceOp.evaluateSequential(ReduceOps.java:913)
		at java.base/java.util.stream.AbstractPipeline.evaluate(AbstractPipeline.java:234)
		at java.base/java.util.stream.ReferencePipeline.collect(ReferencePipeline.java:578)
		at org.junit.jupiter.api.AssertAll.assertAll(AssertAll.java:77)
		... 36 more
	Suppressed: java.lang.NullPointerException
		at x1n32.Calculator2Test.lambda$testSquareRootAnswer$20(Calculator2Test.java:160)
		at org.junit.jupiter.api.AssertAll.lambda$assertAll$1(AssertAll.java:68)
		at java.base/java.util.stream.ReferencePipeline$3$1.accept(ReferencePipeline.java:195)
		at java.base/java.util.stream.ReferencePipeline$11$1.accept(ReferencePipeline.java:442)
		at java.base/java.util.Spliterators$ArraySpliterator.forEachRemaining(Spliterators.java:948)
		at java.base/java.util.stream.AbstractPipeline.copyInto(AbstractPipeline.java:484)
		at java.base/java.util.stream.AbstractPipeline.wrapAndCopyInto(AbstractPipeline.java:474)
		at java.base/java.util.stream.ReduceOps$ReduceOp.evaluateSequential(ReduceOps.java:913)
		at java.base/java.util.stream.AbstractPipeline.evaluate(AbstractPipeline.java:234)
		at java.base/java.util.stream.ReferencePipeline.collect(ReferencePipeline.java:578)
		at org.junit.jupiter.api.AssertAll.assertAll(AssertAll.java:77)
		... 36 more
	Suppressed: java.lang.NullPointerException
		at x1n32.Calculator2Test.lambda$testSquareRootAnswer$21(Calculator2Test.java:161)
		at org.junit.jupiter.api.AssertAll.lambda$assertAll$1(AssertAll.java:68)
		at java.base/java.util.stream.ReferencePipeline$3$1.accept(ReferencePipeline.java:195)
		at java.base/java.util.stream.ReferencePipeline$11$1.accept(ReferencePipeline.java:442)
		at java.base/java.util.Spliterators$ArraySpliterator.forEachRemaining(Spliterators.java:948)
		at java.base/java.util.stream.AbstractPipeline.copyInto(AbstractPipeline.java:484)
		at java.base/java.util.stream.AbstractPipeline.wrapAndCopyInto(AbstractPipeline.java:474)
		at java.base/java.util.stream.ReduceOps$ReduceOp.evaluateSequential(ReduceOps.java:913)
		at java.base/java.util.stream.AbstractPipeline.evaluate(AbstractPipeline.java:234)
		at java.base/java.util.stream.ReferencePipeline.collect(ReferencePipeline.java:578)
		at org.junit.jupiter.api.AssertAll.assertAll(AssertAll.java:77)
		... 36 more
</failure>
    <system-out>squareRootAnswer
Testing Square roots. Where a gets taken away by b, then sqrt the answer
</system-out>
  </testcase>
  <testcase classname="x1n32.Calculator2Test" name="testMain" time="0"/>
  <testcase classname="x1n32.Calculator2Test" name="testQuadraticFormula" time="0.004">
    <failure message="Multiple Failures (4 failures)
	&lt;no message&gt; in java.lang.NullPointerException
	&lt;no message&gt; in java.lang.NullPointerException
	&lt;no message&gt; in java.lang.NullPointerException
	&lt;no message&gt; in java.lang.NullPointerException" type="org.opentest4j.MultipleFailuresError">org.opentest4j.MultipleFailuresError: Multiple Failures (4 failures)
	&lt;no message&gt; in java.lang.NullPointerException
	&lt;no message&gt; in java.lang.NullPointerException
	&lt;no message&gt; in java.lang.NullPointerException
	&lt;no message&gt; in java.lang.NullPointerException
	at org.junit.jupiter.api.AssertAll.assertAll(AssertAll.java:80)
	at org.junit.jupiter.api.AssertAll.assertAll(AssertAll.java:44)
	at org.junit.jupiter.api.AssertAll.assertAll(AssertAll.java:38)
	at org.junit.jupiter.api.Assertions.assertAll(Assertions.java:2807)
	at x1n32.Calculator2Test.testQuadraticFormula(Calculator2Test.java:209)
	at java.base/jdk.internal.reflect.NativeMethodAccessorImpl.invoke0(Native Method)
	at java.base/jdk.internal.reflect.NativeMethodAccessorImpl.invoke(NativeMethodAccessorImpl.java:62)
	at java.base/jdk.internal.reflect.DelegatingMethodAccessorImpl.invoke(DelegatingMethodAccessorImpl.java:43)
	at java.base/java.lang.reflect.Method.invoke(Method.java:566)
	at org.junit.runners.model.FrameworkMethod$1.runReflectiveCall(FrameworkMethod.java:47)
	at org.junit.internal.runners.model.ReflectiveCallable.run(ReflectiveCallable.java:12)
	at org.junit.runners.model.FrameworkMethod.invokeExplosively(FrameworkMethod.java:44)
	at org.junit.internal.runners.statements.InvokeMethod.evaluate(InvokeMethod.java:17)
	at org.junit.internal.runners.statements.RunAfters.evaluate(RunAfters.java:27)
	at org.junit.runners.ParentRunner.runLeaf(ParentRunner.java:271)
	at org.junit.runners.BlockJUnit4ClassRunner.runChild(BlockJUnit4ClassRunner.java:70)
	at org.junit.runners.BlockJUnit4ClassRunner.runChild(BlockJUnit4ClassRunner.java:50)
	at org.junit.runners.ParentRunner$3.run(ParentRunner.java:238)
	at org.junit.runners.ParentRunner$1.schedule(ParentRunner.java:63)
	at org.junit.runners.ParentRunner.runChildren(ParentRunner.java:236)
	at org.junit.runners.ParentRunner.access$000(ParentRunner.java:53)
	at org.junit.runners.ParentRunner$2.evaluate(ParentRunner.java:229)
	at org.junit.internal.runners.statements.RunBefores.evaluate(RunBefores.java:26)
	at org.junit.internal.runners.statements.RunAfters.evaluate(RunAfters.java:27)
	at org.junit.runners.ParentRunner.run(ParentRunner.java:309)
	at org.apache.maven.surefire.junit4.JUnit4Provider.execute(JUnit4Provider.java:252)
	at org.apache.maven.surefire.junit4.JUnit4Provider.executeTestSet(JUnit4Provider.java:141)
	at org.apache.maven.surefire.junit4.JUnit4Provider.invoke(JUnit4Provider.java:112)
	at java.base/jdk.internal.reflect.NativeMethodAccessorImpl.invoke0(Native Method)
	at java.base/jdk.internal.reflect.NativeMethodAccessorImpl.invoke(NativeMethodAccessorImpl.java:62)
	at java.base/jdk.internal.reflect.DelegatingMethodAccessorImpl.invoke(DelegatingMethodAccessorImpl.java:43)
	at java.base/java.lang.reflect.Method.invoke(Method.java:566)
	at org.apache.maven.surefire.util.ReflectionUtils.invokeMethodWithArray(ReflectionUtils.java:189)
	at org.apache.maven.surefire.booter.ProviderFactory$ProviderProxy.invoke(ProviderFactory.java:165)
	at org.apache.maven.surefire.booter.ProviderFactory.invokeProvider(ProviderFactory.java:85)
	at org.apache.maven.surefire.booter.ForkedBooter.runSuitesInProcess(ForkedBooter.java:115)
	at org.apache.maven.surefire.booter.ForkedBooter.main(ForkedBooter.java:75)
	Suppressed: java.lang.NullPointerException
		at x1n32.Calculator2Test.lambda$testQuadraticFormula$22(Calculator2Test.java:210)
		at org.junit.jupiter.api.AssertAll.lambda$assertAll$1(AssertAll.java:68)
		at java.base/java.util.stream.ReferencePipeline$3$1.accept(ReferencePipeline.java:195)
		at java.base/java.util.stream.ReferencePipeline$11$1.accept(ReferencePipeline.java:442)
		at java.base/java.util.Spliterators$ArraySpliterator.forEachRemaining(Spliterators.java:948)
		at java.base/java.util.stream.AbstractPipeline.copyInto(AbstractPipeline.java:484)
		at java.base/java.util.stream.AbstractPipeline.wrapAndCopyInto(AbstractPipeline.java:474)
		at java.base/java.util.stream.ReduceOps$ReduceOp.evaluateSequential(ReduceOps.java:913)
		at java.base/java.util.stream.AbstractPipeline.evaluate(AbstractPipeline.java:234)
		at java.base/java.util.stream.ReferencePipeline.collect(ReferencePipeline.java:578)
		at org.junit.jupiter.api.AssertAll.assertAll(AssertAll.java:77)
		... 36 more
	Suppressed: java.lang.NullPointerException
		at x1n32.Calculator2Test.lambda$testQuadraticFormula$23(Calculator2Test.java:211)
		at org.junit.jupiter.api.AssertAll.lambda$assertAll$1(AssertAll.java:68)
		at java.base/java.util.stream.ReferencePipeline$3$1.accept(ReferencePipeline.java:195)
		at java.base/java.util.stream.ReferencePipeline$11$1.accept(ReferencePipeline.java:442)
		at java.base/java.util.Spliterators$ArraySpliterator.forEachRemaining(Spliterators.java:948)
		at java.base/java.util.stream.AbstractPipeline.copyInto(AbstractPipeline.java:484)
		at java.base/java.util.stream.AbstractPipeline.wrapAndCopyInto(AbstractPipeline.java:474)
		at java.base/java.util.stream.ReduceOps$ReduceOp.evaluateSequential(ReduceOps.java:913)
		at java.base/java.util.stream.AbstractPipeline.evaluate(AbstractPipeline.java:234)
		at java.base/java.util.stream.ReferencePipeline.collect(ReferencePipeline.java:578)
		at org.junit.jupiter.api.AssertAll.assertAll(AssertAll.java:77)
		... 36 more
	Suppressed: java.lang.NullPointerException
		at x1n32.Calculator2Test.lambda$testQuadraticFormula$24(Calculator2Test.java:213)
		at org.junit.jupiter.api.AssertAll.lambda$assertAll$1(AssertAll.java:68)
		at java.base/java.util.stream.ReferencePipeline$3$1.accept(ReferencePipeline.java:195)
		at java.base/java.util.stream.ReferencePipeline$11$1.accept(ReferencePipeline.java:442)
		at java.base/java.util.Spliterators$ArraySpliterator.forEachRemaining(Spliterators.java:948)
		at java.base/java.util.stream.AbstractPipeline.copyInto(AbstractPipeline.java:484)
		at java.base/java.util.stream.AbstractPipeline.wrapAndCopyInto(AbstractPipeline.java:474)
		at java.base/java.util.stream.ReduceOps$ReduceOp.evaluateSequential(ReduceOps.java:913)
		at java.base/java.util.stream.AbstractPipeline.evaluate(AbstractPipeline.java:234)
		at java.base/java.util.stream.ReferencePipeline.collect(ReferencePipeline.java:578)
		at org.junit.jupiter.api.AssertAll.assertAll(AssertAll.java:77)
		... 36 more
	Suppressed: java.lang.NullPointerException
		at x1n32.Calculator2Test.lambda$testQuadraticFormula$25(Calculator2Test.java:215)
		at org.junit.jupiter.api.AssertAll.lambda$assertAll$1(AssertAll.java:68)
		at java.base/java.util.stream.ReferencePipeline$3$1.accept(ReferencePipeline.java:195)
		at java.base/java.util.stream.ReferencePipeline$11$1.accept(ReferencePipeline.java:442)
		at java.base/java.util.Spliterators$ArraySpliterator.forEachRemaining(Spliterators.java:948)
		at java.base/java.util.stream.AbstractPipeline.copyInto(AbstractPipeline.java:484)
		at java.base/java.util.stream.AbstractPipeline.wrapAndCopyInto(AbstractPipeline.java:474)
		at java.base/java.util.stream.ReduceOps$ReduceOp.evaluateSequential(ReduceOps.java:913)
		at java.base/java.util.stream.AbstractPipeline.evaluate(AbstractPipeline.java:234)
		at java.base/java.util.stream.ReferencePipeline.collect(ReferencePipeline.java:578)
		at org.junit.jupiter.api.AssertAll.assertAll(AssertAll.java:77)
		... 36 more
</failure>
    <system-out>quadraticFormula
</system-out>
  </testcase>
  <testcase classname="x1n32.Calculator2Test" name="testNegativeAnswer" time="0.002"/>
  <testcase classname="x1n32.Calculator2Test" name="testPositiveAnswer" time="0"/>
  <testcase classname="x1n32.Calculator2Test" name="testFourAC" time="0.007">
    <failure message="Multiple Failures (8 failures)
	&lt;no message&gt; in java.lang.NullPointerException
	&lt;no message&gt; in java.lang.NullPointerException
	&lt;no message&gt; in java.lang.NullPointerException
	&lt;no message&gt; in java.lang.NullPointerException
	&lt;no message&gt; in java.lang.NullPointerException
	&lt;no message&gt; in java.lang.NullPointerException
	&lt;no message&gt; in java.lang.NullPointerException
	&lt;no message&gt; in java.lang.NullPointerException" type="org.opentest4j.MultipleFailuresError">org.opentest4j.MultipleFailuresError: Multiple Failures (8 failures)
	&lt;no message&gt; in java.lang.NullPointerException
	&lt;no message&gt; in java.lang.NullPointerException
	&lt;no message&gt; in java.lang.NullPointerException
	&lt;no message&gt; in java.lang.NullPointerException
	&lt;no message&gt; in java.lang.NullPointerException
	&lt;no message&gt; in java.lang.NullPointerException
	&lt;no message&gt; in java.lang.NullPointerException
	&lt;no message&gt; in java.lang.NullPointerException
	at org.junit.jupiter.api.AssertAll.assertAll(AssertAll.java:80)
	at org.junit.jupiter.api.AssertAll.assertAll(AssertAll.java:44)
	at org.junit.jupiter.api.AssertAll.assertAll(AssertAll.java:38)
	at org.junit.jupiter.api.Assertions.assertAll(Assertions.java:2807)
	at x1n32.Calculator2Test.testFourAC(Calculator2Test.java:133)
	at java.base/jdk.internal.reflect.NativeMethodAccessorImpl.invoke0(Native Method)
	at java.base/jdk.internal.reflect.NativeMethodAccessorImpl.invoke(NativeMethodAccessorImpl.java:62)
	at java.base/jdk.internal.reflect.DelegatingMethodAccessorImpl.invoke(DelegatingMethodAccessorImpl.java:43)
	at java.base/java.lang.reflect.Method.invoke(Method.java:566)
	at org.junit.runners.model.FrameworkMethod$1.runReflectiveCall(FrameworkMethod.java:47)
	at org.junit.internal.runners.model.ReflectiveCallable.run(ReflectiveCallable.java:12)
	at org.junit.runners.model.FrameworkMethod.invokeExplosively(FrameworkMethod.java:44)
	at org.junit.internal.runners.statements.InvokeMethod.evaluate(InvokeMethod.java:17)
	at org.junit.internal.runners.statements.RunAfters.evaluate(RunAfters.java:27)
	at org.junit.runners.ParentRunner.runLeaf(ParentRunner.java:271)
	at org.junit.runners.BlockJUnit4ClassRunner.runChild(BlockJUnit4ClassRunner.java:70)
	at org.junit.runners.BlockJUnit4ClassRunner.runChild(BlockJUnit4ClassRunner.java:50)
	at org.junit.runners.ParentRunner$3.run(ParentRunner.java:238)
	at org.junit.runners.ParentRunner$1.schedule(ParentRunner.java:63)
	at org.junit.runners.ParentRunner.runChildren(ParentRunner.java:236)
	at org.junit.runners.ParentRunner.access$000(ParentRunner.java:53)
	at org.junit.runners.ParentRunner$2.evaluate(ParentRunner.java:229)
	at org.junit.internal.runners.statements.RunBefores.evaluate(RunBefores.java:26)
	at org.junit.internal.runners.statements.RunAfters.evaluate(RunAfters.java:27)
	at org.junit.runners.ParentRunner.run(ParentRunner.java:309)
	at org.apache.maven.surefire.junit4.JUnit4Provider.execute(JUnit4Provider.java:252)
	at org.apache.maven.surefire.junit4.JUnit4Provider.executeTestSet(JUnit4Provider.java:141)
	at org.apache.maven.surefire.junit4.JUnit4Provider.invoke(JUnit4Provider.java:112)
	at java.base/jdk.internal.reflect.NativeMethodAccessorImpl.invoke0(Native Method)
	at java.base/jdk.internal.reflect.NativeMethodAccessorImpl.invoke(NativeMethodAccessorImpl.java:62)
	at java.base/jdk.internal.reflect.DelegatingMethodAccessorImpl.invoke(DelegatingMethodAccessorImpl.java:43)
	at java.base/java.lang.reflect.Method.invoke(Method.java:566)
	at org.apache.maven.surefire.util.ReflectionUtils.invokeMethodWithArray(ReflectionUtils.java:189)
	at org.apache.maven.surefire.booter.ProviderFactory$ProviderProxy.invoke(ProviderFactory.java:165)
	at org.apache.maven.surefire.booter.ProviderFactory.invokeProvider(ProviderFactory.java:85)
	at org.apache.maven.surefire.booter.ForkedBooter.runSuitesInProcess(ForkedBooter.java:115)
	at org.apache.maven.surefire.booter.ForkedBooter.main(ForkedBooter.java:75)
	Suppressed: java.lang.NullPointerException
		at x1n32.Calculator2Test.lambda$testFourAC$10(Calculator2Test.java:134)
		at org.junit.jupiter.api.AssertAll.lambda$assertAll$1(AssertAll.java:68)
		at java.base/java.util.stream.ReferencePipeline$3$1.accept(ReferencePipeline.java:195)
		at java.base/java.util.stream.ReferencePipeline$11$1.accept(ReferencePipeline.java:442)
		at java.base/java.util.Spliterators$ArraySpliterator.forEachRemaining(Spliterators.java:948)
		at java.base/java.util.stream.AbstractPipeline.copyInto(AbstractPipeline.java:484)
		at java.base/java.util.stream.AbstractPipeline.wrapAndCopyInto(AbstractPipeline.java:474)
		at java.base/java.util.stream.ReduceOps$ReduceOp.evaluateSequential(ReduceOps.java:913)
		at java.base/java.util.stream.AbstractPipeline.evaluate(AbstractPipeline.java:234)
		at java.base/java.util.stream.ReferencePipeline.collect(ReferencePipeline.java:578)
		at org.junit.jupiter.api.AssertAll.assertAll(AssertAll.java:77)
		... 36 more
	Suppressed: java.lang.NullPointerException
		at x1n32.Calculator2Test.lambda$testFourAC$11(Calculator2Test.java:135)
		at org.junit.jupiter.api.AssertAll.lambda$assertAll$1(AssertAll.java:68)
		at java.base/java.util.stream.ReferencePipeline$3$1.accept(ReferencePipeline.java:195)
		at java.base/java.util.stream.ReferencePipeline$11$1.accept(ReferencePipeline.java:442)
		at java.base/java.util.Spliterators$ArraySpliterator.forEachRemaining(Spliterators.java:948)
		at java.base/java.util.stream.AbstractPipeline.copyInto(AbstractPipeline.java:484)
		at java.base/java.util.stream.AbstractPipeline.wrapAndCopyInto(AbstractPipeline.java:474)
		at java.base/java.util.stream.ReduceOps$ReduceOp.evaluateSequential(ReduceOps.java:913)
		at java.base/java.util.stream.AbstractPipeline.evaluate(AbstractPipeline.java:234)
		at java.base/java.util.stream.ReferencePipeline.collect(ReferencePipeline.java:578)
		at org.junit.jupiter.api.AssertAll.assertAll(AssertAll.java:77)
		... 36 more
	Suppressed: java.lang.NullPointerException
		at x1n32.Calculator2Test.lambda$testFourAC$12(Calculator2Test.java:136)
		at org.junit.jupiter.api.AssertAll.lambda$assertAll$1(AssertAll.java:68)
		at java.base/java.util.stream.ReferencePipeline$3$1.accept(ReferencePipeline.java:195)
		at java.base/java.util.stream.ReferencePipeline$11$1.accept(ReferencePipeline.java:442)
		at java.base/java.util.Spliterators$ArraySpliterator.forEachRemaining(Spliterators.java:948)
		at java.base/java.util.stream.AbstractPipeline.copyInto(AbstractPipeline.java:484)
		at java.base/java.util.stream.AbstractPipeline.wrapAndCopyInto(AbstractPipeline.java:474)
		at java.base/java.util.stream.ReduceOps$ReduceOp.evaluateSequential(ReduceOps.java:913)
		at java.base/java.util.stream.AbstractPipeline.evaluate(AbstractPipeline.java:234)
		at java.base/java.util.stream.ReferencePipeline.collect(ReferencePipeline.java:578)
		at org.junit.jupiter.api.AssertAll.assertAll(AssertAll.java:77)
		... 36 more
	Suppressed: java.lang.NullPointerException
		at x1n32.Calculator2Test.lambda$testFourAC$13(Calculator2Test.java:137)
		at org.junit.jupiter.api.AssertAll.lambda$assertAll$1(AssertAll.java:68)
		at java.base/java.util.stream.ReferencePipeline$3$1.accept(ReferencePipeline.java:195)
		at java.base/java.util.stream.ReferencePipeline$11$1.accept(ReferencePipeline.java:442)
		at java.base/java.util.Spliterators$ArraySpliterator.forEachRemaining(Spliterators.java:948)
		at java.base/java.util.stream.AbstractPipeline.copyInto(AbstractPipeline.java:484)
		at java.base/java.util.stream.AbstractPipeline.wrapAndCopyInto(AbstractPipeline.java:474)
		at java.base/java.util.stream.ReduceOps$ReduceOp.evaluateSequential(ReduceOps.java:913)
		at java.base/java.util.stream.AbstractPipeline.evaluate(AbstractPipeline.java:234)
		at java.base/java.util.stream.ReferencePipeline.collect(ReferencePipeline.java:578)
		at org.junit.jupiter.api.AssertAll.assertAll(AssertAll.java:77)
		... 36 more
	Suppressed: java.lang.NullPointerException
		at x1n32.Calculator2Test.lambda$testFourAC$14(Calculator2Test.java:138)
		at org.junit.jupiter.api.AssertAll.lambda$assertAll$1(AssertAll.java:68)
		at java.base/java.util.stream.ReferencePipeline$3$1.accept(ReferencePipeline.java:195)
		at java.base/java.util.stream.ReferencePipeline$11$1.accept(ReferencePipeline.java:442)
		at java.base/java.util.Spliterators$ArraySpliterator.forEachRemaining(Spliterators.java:948)
		at java.base/java.util.stream.AbstractPipeline.copyInto(AbstractPipeline.java:484)
		at java.base/java.util.stream.AbstractPipeline.wrapAndCopyInto(AbstractPipeline.java:474)
		at java.base/java.util.stream.ReduceOps$ReduceOp.evaluateSequential(ReduceOps.java:913)
		at java.base/java.util.stream.AbstractPipeline.evaluate(AbstractPipeline.java:234)
		at java.base/java.util.stream.ReferencePipeline.collect(ReferencePipeline.java:578)
		at org.junit.jupiter.api.AssertAll.assertAll(AssertAll.java:77)
		... 36 more
	Suppressed: java.lang.NullPointerException
		at x1n32.Calculator2Test.lambda$testFourAC$15(Calculator2Test.java:139)
		at org.junit.jupiter.api.AssertAll.lambda$assertAll$1(AssertAll.java:68)
		at java.base/java.util.stream.ReferencePipeline$3$1.accept(ReferencePipeline.java:195)
		at java.base/java.util.stream.ReferencePipeline$11$1.accept(ReferencePipeline.java:442)
		at java.base/java.util.Spliterators$ArraySpliterator.forEachRemaining(Spliterators.java:948)
		at java.base/java.util.stream.AbstractPipeline.copyInto(AbstractPipeline.java:484)
		at java.base/java.util.stream.AbstractPipeline.wrapAndCopyInto(AbstractPipeline.java:474)
		at java.base/java.util.stream.ReduceOps$ReduceOp.evaluateSequential(ReduceOps.java:913)
		at java.base/java.util.stream.AbstractPipeline.evaluate(AbstractPipeline.java:234)
		at java.base/java.util.stream.ReferencePipeline.collect(ReferencePipeline.java:578)
		at org.junit.jupiter.api.AssertAll.assertAll(AssertAll.java:77)
		... 36 more
	Suppressed: java.lang.NullPointerException
		at x1n32.Calculator2Test.lambda$testFourAC$16(Calculator2Test.java:140)
		at org.junit.jupiter.api.AssertAll.lambda$assertAll$1(AssertAll.java:68)
		at java.base/java.util.stream.ReferencePipeline$3$1.accept(ReferencePipeline.java:195)
		at java.base/java.util.stream.ReferencePipeline$11$1.accept(ReferencePipeline.java:442)
		at java.base/java.util.Spliterators$ArraySpliterator.forEachRemaining(Spliterators.java:948)
		at java.base/java.util.stream.AbstractPipeline.copyInto(AbstractPipeline.java:484)
		at java.base/java.util.stream.AbstractPipeline.wrapAndCopyInto(AbstractPipeline.java:474)
		at java.base/java.util.stream.ReduceOps$ReduceOp.evaluateSequential(ReduceOps.java:913)
		at java.base/java.util.stream.AbstractPipeline.evaluate(AbstractPipeline.java:234)
		at java.base/java.util.stream.ReferencePipeline.collect(ReferencePipeline.java:578)
		at org.junit.jupiter.api.AssertAll.assertAll(AssertAll.java:77)
		... 36 more
	Suppressed: java.lang.NullPointerException
		at x1n32.Calculator2Test.lambda$testFourAC$17(Calculator2Test.java:141)
		at org.junit.jupiter.api.AssertAll.lambda$assertAll$1(AssertAll.java:68)
		at java.base/java.util.stream.ReferencePipeline$3$1.accept(ReferencePipeline.java:195)
		at java.base/java.util.stream.ReferencePipeline$11$1.accept(ReferencePipeline.java:442)
		at java.base/java.util.Spliterators$ArraySpliterator.forEachRemaining(Spliterators.java:948)
		at java.base/java.util.stream.AbstractPipeline.copyInto(AbstractPipeline.java:484)
		at java.base/java.util.stream.AbstractPipeline.wrapAndCopyInto(AbstractPipeline.java:474)
		at java.base/java.util.stream.ReduceOps$ReduceOp.evaluateSequential(ReduceOps.java:913)
		at java.base/java.util.stream.AbstractPipeline.evaluate(AbstractPipeline.java:234)
		at java.base/java.util.stream.ReferencePipeline.collect(ReferencePipeline.java:578)
		at org.junit.jupiter.api.AssertAll.assertAll(AssertAll.java:77)
		... 36 more
</failure>
    <system-out>fourAC
Doing 4 *a *c
</system-out>
  </testcase>
  <testcase classname="x1n32.Calculator2Test" name="testSquareOfB" time="0.007">
    <failure message="Multiple Failures (10 failures)
	&lt;no message&gt; in java.lang.NullPointerException
	&lt;no message&gt; in java.lang.NullPointerException
	&lt;no message&gt; in java.lang.NullPointerException
	&lt;no message&gt; in java.lang.NullPointerException
	&lt;no message&gt; in java.lang.NullPointerException
	&lt;no message&gt; in java.lang.NullPointerException
	&lt;no message&gt; in java.lang.NullPointerException
	&lt;no message&gt; in java.lang.NullPointerException
	&lt;no message&gt; in java.lang.NullPointerException
	&lt;no message&gt; in java.lang.NullPointerException" type="org.opentest4j.MultipleFailuresError">org.opentest4j.MultipleFailuresError: Multiple Failures (10 failures)
	&lt;no message&gt; in java.lang.NullPointerException
	&lt;no message&gt; in java.lang.NullPointerException
	&lt;no message&gt; in java.lang.NullPointerException
	&lt;no message&gt; in java.lang.NullPointerException
	&lt;no message&gt; in java.lang.NullPointerException
	&lt;no message&gt; in java.lang.NullPointerException
	&lt;no message&gt; in java.lang.NullPointerException
	&lt;no message&gt; in java.lang.NullPointerException
	&lt;no message&gt; in java.lang.NullPointerException
	&lt;no message&gt; in java.lang.NullPointerException
	at org.junit.jupiter.api.AssertAll.assertAll(AssertAll.java:80)
	at org.junit.jupiter.api.AssertAll.assertAll(AssertAll.java:44)
	at org.junit.jupiter.api.AssertAll.assertAll(AssertAll.java:38)
	at org.junit.jupiter.api.Assertions.assertAll(Assertions.java:2807)
	at x1n32.Calculator2Test.testSquareOfB(Calculator2Test.java:106)
	at java.base/jdk.internal.reflect.NativeMethodAccessorImpl.invoke0(Native Method)
	at java.base/jdk.internal.reflect.NativeMethodAccessorImpl.invoke(NativeMethodAccessorImpl.java:62)
	at java.base/jdk.internal.reflect.DelegatingMethodAccessorImpl.invoke(DelegatingMethodAccessorImpl.java:43)
	at java.base/java.lang.reflect.Method.invoke(Method.java:566)
	at org.junit.runners.model.FrameworkMethod$1.runReflectiveCall(FrameworkMethod.java:47)
	at org.junit.internal.runners.model.ReflectiveCallable.run(ReflectiveCallable.java:12)
	at org.junit.runners.model.FrameworkMethod.invokeExplosively(FrameworkMethod.java:44)
	at org.junit.internal.runners.statements.InvokeMethod.evaluate(InvokeMethod.java:17)
	at org.junit.internal.runners.statements.RunAfters.evaluate(RunAfters.java:27)
	at org.junit.runners.ParentRunner.runLeaf(ParentRunner.java:271)
	at org.junit.runners.BlockJUnit4ClassRunner.runChild(BlockJUnit4ClassRunner.java:70)
	at org.junit.runners.BlockJUnit4ClassRunner.runChild(BlockJUnit4ClassRunner.java:50)
	at org.junit.runners.ParentRunner$3.run(ParentRunner.java:238)
	at org.junit.runners.ParentRunner$1.schedule(ParentRunner.java:63)
	at org.junit.runners.ParentRunner.runChildren(ParentRunner.java:236)
	at org.junit.runners.ParentRunner.access$000(ParentRunner.java:53)
	at org.junit.runners.ParentRunner$2.evaluate(ParentRunner.java:229)
	at org.junit.internal.runners.statements.RunBefores.evaluate(RunBefores.java:26)
	at org.junit.internal.runners.statements.RunAfters.evaluate(RunAfters.java:27)
	at org.junit.runners.ParentRunner.run(ParentRunner.java:309)
	at org.apache.maven.surefire.junit4.JUnit4Provider.execute(JUnit4Provider.java:252)
	at org.apache.maven.surefire.junit4.JUnit4Provider.executeTestSet(JUnit4Provider.java:141)
	at org.apache.maven.surefire.junit4.JUnit4Provider.invoke(JUnit4Provider.java:112)
	at java.base/jdk.internal.reflect.NativeMethodAccessorImpl.invoke0(Native Method)
	at java.base/jdk.internal.reflect.NativeMethodAccessorImpl.invoke(NativeMethodAccessorImpl.java:62)
	at java.base/jdk.internal.reflect.DelegatingMethodAccessorImpl.invoke(DelegatingMethodAccessorImpl.java:43)
	at java.base/java.lang.reflect.Method.invoke(Method.java:566)
	at org.apache.maven.surefire.util.ReflectionUtils.invokeMethodWithArray(ReflectionUtils.java:189)
	at org.apache.maven.surefire.booter.ProviderFactory$ProviderProxy.invoke(ProviderFactory.java:165)
	at org.apache.maven.surefire.booter.ProviderFactory.invokeProvider(ProviderFactory.java:85)
	at org.apache.maven.surefire.booter.ForkedBooter.runSuitesInProcess(ForkedBooter.java:115)
	at org.apache.maven.surefire.booter.ForkedBooter.main(ForkedBooter.java:75)
	Suppressed: java.lang.NullPointerException
		at x1n32.Calculator2Test.lambda$testSquareOfB$0(Calculator2Test.java:107)
		at org.junit.jupiter.api.AssertAll.lambda$assertAll$1(AssertAll.java:68)
		at java.base/java.util.stream.ReferencePipeline$3$1.accept(ReferencePipeline.java:195)
		at java.base/java.util.stream.ReferencePipeline$11$1.accept(ReferencePipeline.java:442)
		at java.base/java.util.Spliterators$ArraySpliterator.forEachRemaining(Spliterators.java:948)
		at java.base/java.util.stream.AbstractPipeline.copyInto(AbstractPipeline.java:484)
		at java.base/java.util.stream.AbstractPipeline.wrapAndCopyInto(AbstractPipeline.java:474)
		at java.base/java.util.stream.ReduceOps$ReduceOp.evaluateSequential(ReduceOps.java:913)
		at java.base/java.util.stream.AbstractPipeline.evaluate(AbstractPipeline.java:234)
		at java.base/java.util.stream.ReferencePipeline.collect(ReferencePipeline.java:578)
		at org.junit.jupiter.api.AssertAll.assertAll(AssertAll.java:77)
		... 36 more
	Suppressed: java.lang.NullPointerException
		at x1n32.Calculator2Test.lambda$testSquareOfB$1(Calculator2Test.java:108)
		at org.junit.jupiter.api.AssertAll.lambda$assertAll$1(AssertAll.java:68)
		at java.base/java.util.stream.ReferencePipeline$3$1.accept(ReferencePipeline.java:195)
		at java.base/java.util.stream.ReferencePipeline$11$1.accept(ReferencePipeline.java:442)
		at java.base/java.util.Spliterators$ArraySpliterator.forEachRemaining(Spliterators.java:948)
		at java.base/java.util.stream.AbstractPipeline.copyInto(AbstractPipeline.java:484)
		at java.base/java.util.stream.AbstractPipeline.wrapAndCopyInto(AbstractPipeline.java:474)
		at java.base/java.util.stream.ReduceOps$ReduceOp.evaluateSequential(ReduceOps.java:913)
		at java.base/java.util.stream.AbstractPipeline.evaluate(AbstractPipeline.java:234)
		at java.base/java.util.stream.ReferencePipeline.collect(ReferencePipeline.java:578)
		at org.junit.jupiter.api.AssertAll.assertAll(AssertAll.java:77)
		... 36 more
	Suppressed: java.lang.NullPointerException
		at x1n32.Calculator2Test.lambda$testSquareOfB$2(Calculator2Test.java:109)
		at org.junit.jupiter.api.AssertAll.lambda$assertAll$1(AssertAll.java:68)
		at java.base/java.util.stream.ReferencePipeline$3$1.accept(ReferencePipeline.java:195)
		at java.base/java.util.stream.ReferencePipeline$11$1.accept(ReferencePipeline.java:442)
		at java.base/java.util.Spliterators$ArraySpliterator.forEachRemaining(Spliterators.java:948)
		at java.base/java.util.stream.AbstractPipeline.copyInto(AbstractPipeline.java:484)
		at java.base/java.util.stream.AbstractPipeline.wrapAndCopyInto(AbstractPipeline.java:474)
		at java.base/java.util.stream.ReduceOps$ReduceOp.evaluateSequential(ReduceOps.java:913)
		at java.base/java.util.stream.AbstractPipeline.evaluate(AbstractPipeline.java:234)
		at java.base/java.util.stream.ReferencePipeline.collect(ReferencePipeline.java:578)
		at org.junit.jupiter.api.AssertAll.assertAll(AssertAll.java:77)
		... 36 more
	Suppressed: java.lang.NullPointerException
		at x1n32.Calculator2Test.lambda$testSquareOfB$3(Calculator2Test.java:110)
		at org.junit.jupiter.api.AssertAll.lambda$assertAll$1(AssertAll.java:68)
		at java.base/java.util.stream.ReferencePipeline$3$1.accept(ReferencePipeline.java:195)
		at java.base/java.util.stream.ReferencePipeline$11$1.accept(ReferencePipeline.java:442)
		at java.base/java.util.Spliterators$ArraySpliterator.forEachRemaining(Spliterators.java:948)
		at java.base/java.util.stream.AbstractPipeline.copyInto(AbstractPipeline.java:484)
		at java.base/java.util.stream.AbstractPipeline.wrapAndCopyInto(AbstractPipeline.java:474)
		at java.base/java.util.stream.ReduceOps$ReduceOp.evaluateSequential(ReduceOps.java:913)
		at java.base/java.util.stream.AbstractPipeline.evaluate(AbstractPipeline.java:234)
		at java.base/java.util.stream.ReferencePipeline.collect(ReferencePipeline.java:578)
		at org.junit.jupiter.api.AssertAll.assertAll(AssertAll.java:77)
		... 36 more
	Suppressed: java.lang.NullPointerException
		at x1n32.Calculator2Test.lambda$testSquareOfB$4(Calculator2Test.java:111)
		at org.junit.jupiter.api.AssertAll.lambda$assertAll$1(AssertAll.java:68)
		at java.base/java.util.stream.ReferencePipeline$3$1.accept(ReferencePipeline.java:195)
		at java.base/java.util.stream.ReferencePipeline$11$1.accept(ReferencePipeline.java:442)
		at java.base/java.util.Spliterators$ArraySpliterator.forEachRemaining(Spliterators.java:948)
		at java.base/java.util.stream.AbstractPipeline.copyInto(AbstractPipeline.java:484)
		at java.base/java.util.stream.AbstractPipeline.wrapAndCopyInto(AbstractPipeline.java:474)
		at java.base/java.util.stream.ReduceOps$ReduceOp.evaluateSequential(ReduceOps.java:913)
		at java.base/java.util.stream.AbstractPipeline.evaluate(AbstractPipeline.java:234)
		at java.base/java.util.stream.ReferencePipeline.collect(ReferencePipeline.java:578)
		at org.junit.jupiter.api.AssertAll.assertAll(AssertAll.java:77)
		... 36 more
	Suppressed: java.lang.NullPointerException
		at x1n32.Calculator2Test.lambda$testSquareOfB$5(Calculator2Test.java:112)
		at org.junit.jupiter.api.AssertAll.lambda$assertAll$1(AssertAll.java:68)
		at java.base/java.util.stream.ReferencePipeline$3$1.accept(ReferencePipeline.java:195)
		at java.base/java.util.stream.ReferencePipeline$11$1.accept(ReferencePipeline.java:442)
		at java.base/java.util.Spliterators$ArraySpliterator.forEachRemaining(Spliterators.java:948)
		at java.base/java.util.stream.AbstractPipeline.copyInto(AbstractPipeline.java:484)
		at java.base/java.util.stream.AbstractPipeline.wrapAndCopyInto(AbstractPipeline.java:474)
		at java.base/java.util.stream.ReduceOps$ReduceOp.evaluateSequential(ReduceOps.java:913)
		at java.base/java.util.stream.AbstractPipeline.evaluate(AbstractPipeline.java:234)
		at java.base/java.util.stream.ReferencePipeline.collect(ReferencePipeline.java:578)
		at org.junit.jupiter.api.AssertAll.assertAll(AssertAll.java:77)
		... 36 more
	Suppressed: java.lang.NullPointerException
		at x1n32.Calculator2Test.lambda$testSquareOfB$6(Calculator2Test.java:113)
		at org.junit.jupiter.api.AssertAll.lambda$assertAll$1(AssertAll.java:68)
		at java.base/java.util.stream.ReferencePipeline$3$1.accept(ReferencePipeline.java:195)
		at java.base/java.util.stream.ReferencePipeline$11$1.accept(ReferencePipeline.java:442)
		at java.base/java.util.Spliterators$ArraySpliterator.forEachRemaining(Spliterators.java:948)
		at java.base/java.util.stream.AbstractPipeline.copyInto(AbstractPipeline.java:484)
		at java.base/java.util.stream.AbstractPipeline.wrapAndCopyInto(AbstractPipeline.java:474)
		at java.base/java.util.stream.ReduceOps$ReduceOp.evaluateSequential(ReduceOps.java:913)
		at java.base/java.util.stream.AbstractPipeline.evaluate(AbstractPipeline.java:234)
		at java.base/java.util.stream.ReferencePipeline.collect(ReferencePipeline.java:578)
		at org.junit.jupiter.api.AssertAll.assertAll(AssertAll.java:77)
		... 36 more
	Suppressed: java.lang.NullPointerException
		at x1n32.Calculator2Test.lambda$testSquareOfB$7(Calculator2Test.java:114)
		at org.junit.jupiter.api.AssertAll.lambda$assertAll$1(AssertAll.java:68)
		at java.base/java.util.stream.ReferencePipeline$3$1.accept(ReferencePipeline.java:195)
		at java.base/java.util.stream.ReferencePipeline$11$1.accept(ReferencePipeline.java:442)
		at java.base/java.util.Spliterators$ArraySpliterator.forEachRemaining(Spliterators.java:948)
		at java.base/java.util.stream.AbstractPipeline.copyInto(AbstractPipeline.java:484)
		at java.base/java.util.stream.AbstractPipeline.wrapAndCopyInto(AbstractPipeline.java:474)
		at java.base/java.util.stream.ReduceOps$ReduceOp.evaluateSequential(ReduceOps.java:913)
		at java.base/java.util.stream.AbstractPipeline.evaluate(AbstractPipeline.java:234)
		at java.base/java.util.stream.ReferencePipeline.collect(ReferencePipeline.java:578)
		at org.junit.jupiter.api.AssertAll.assertAll(AssertAll.java:77)
		... 36 more
	Suppressed: java.lang.NullPointerException
		at x1n32.Calculator2Test.lambda$testSquareOfB$8(Calculator2Test.java:115)
		at org.junit.jupiter.api.AssertAll.lambda$assertAll$1(AssertAll.java:68)
		at java.base/java.util.stream.ReferencePipeline$3$1.accept(ReferencePipeline.java:195)
		at java.base/java.util.stream.ReferencePipeline$11$1.accept(ReferencePipeline.java:442)
		at java.base/java.util.Spliterators$ArraySpliterator.forEachRemaining(Spliterators.java:948)
		at java.base/java.util.stream.AbstractPipeline.copyInto(AbstractPipeline.java:484)
		at java.base/java.util.stream.AbstractPipeline.wrapAndCopyInto(AbstractPipeline.java:474)
		at java.base/java.util.stream.ReduceOps$ReduceOp.evaluateSequential(ReduceOps.java:913)
		at java.base/java.util.stream.AbstractPipeline.evaluate(AbstractPipeline.java:234)
		at java.base/java.util.stream.ReferencePipeline.collect(ReferencePipeline.java:578)
		at org.junit.jupiter.api.AssertAll.assertAll(AssertAll.java:77)
		... 36 more
	Suppressed: java.lang.NullPointerException
		at x1n32.Calculator2Test.lambda$testSquareOfB$9(Calculator2Test.java:116)
		at org.junit.jupiter.api.AssertAll.lambda$assertAll$1(AssertAll.java:68)
		at java.base/java.util.stream.ReferencePipeline$3$1.accept(ReferencePipeline.java:195)
		at java.base/java.util.stream.ReferencePipeline$11$1.accept(ReferencePipeline.java:442)
		at java.base/java.util.Spliterators$ArraySpliterator.forEachRemaining(Spliterators.java:948)
		at java.base/java.util.stream.AbstractPipeline.copyInto(AbstractPipeline.java:484)
		at java.base/java.util.stream.AbstractPipeline.wrapAndCopyInto(AbstractPipeline.java:474)
		at java.base/java.util.stream.ReduceOps$ReduceOp.evaluateSequential(ReduceOps.java:913)
		at java.base/java.util.stream.AbstractPipeline.evaluate(AbstractPipeline.java:234)
		at java.base/java.util.stream.ReferencePipeline.collect(ReferencePipeline.java:578)
		at org.junit.jupiter.api.AssertAll.assertAll(AssertAll.java:77)
		... 36 more
</failure>
    <system-out>squareOfB
Doing Square number checks. Should return the input value multiplied by itself. e.g. 2 * 2 = 4
</system-out>
  </testcase>
</testsuite>